#
# There is insufficient memory for the Java Runtime Environment to continue.
# Native memory allocation (mmap) failed to map 50331648 bytes for committing reserved memory.
# Possible reasons:
#   The system is out of physical RAM or swap space
#   In 32 bit mode, the process size limit was hit
# Possible solutions:
#   Reduce memory load on the system
#   Increase physical memory or swap space
#   Check if swap backing store is full
#   Use 64 bit Java on a 64 bit OS
#   Decrease Java heap size (-Xmx/-Xms)
#   Decrease number of Java threads
#   Decrease Java thread stack sizes (-Xss)
#   Set larger code cache with -XX:ReservedCodeCacheSize=
# This output file may be truncated or incomplete.
#
#  Out of Memory Error (os_linux.cpp:2640), pid=13858, tid=0x00007f91586f6700
#
# JRE version: OpenJDK Runtime Environment (8.0_152-b01) (build 1.8.0_152-release-1024-b01)
# Java VM: OpenJDK 64-Bit Server VM (25.152-b01 mixed mode linux-amd64 compressed oops)
# Core dump written. Default location: /home/deni/react-native/basics/android/core or core.13858
#

---------------  T H R E A D  ---------------

Current thread (0x00007f9168073800):  VMThread [stack: 0x00007f91585f7000,0x00007f91586f7000] [id=13865]

Stack: [0x00007f91585f7000,0x00007f91586f7000],  sp=0x00007f91586f5460,  free space=1017k
Native frames: (J=compiled Java code, j=interpreted, Vv=VM code, C=native code)
V  [libjvm.so+0x9ed02d]  VMError::report_and_die()+0x15d
V  [libjvm.so+0x4b99fa]  report_vm_out_of_memory(char const*, int, unsigned long, VMErrorType, char const*)+0x8a
V  [libjvm.so+0x852c20]  os::pd_commit_memory(char*, unsigned long, unsigned long, bool)+0xf0
V  [libjvm.so+0x84d72f]  os::commit_memory(char*, unsigned long, unsigned long, bool)+0x1f
V  [libjvm.so+0x8c448b]  PSVirtualSpace::expand_by(unsigned long)+0x5b
V  [libjvm.so+0x8c5100]  PSYoungGen::resize_generation(unsigned long, unsigned long)+0xb0
V  [libjvm.so+0x8c541b]  PSYoungGen::resize(unsigned long, unsigned long)+0x1b
V  [libjvm.so+0x8c1b0c]  PSScavenge::invoke_no_policy()+0xdac
V  [libjvm.so+0x8c22e8]  PSScavenge::invoke()+0x38
V  [libjvm.so+0x876633]  ParallelScavengeHeap::failed_mem_allocate(unsigned long)+0x63
V  [libjvm.so+0x9eeb54]  VM_ParallelGCFailedAllocation::doit()+0x84
V  [libjvm.so+0x9f3067]  VM_Operation::evaluate()+0x47
V  [libjvm.so+0x9f1a48]  VMThread::evaluate_operation(VM_Operation*)+0x2c8
V  [libjvm.so+0x9f1ec9]  VMThread::loop()+0x219
V  [libjvm.so+0x9f2312]  VMThread::run()+0x72
V  [libjvm.so+0x850032]  java_start(Thread*)+0xf2

VM_Operation (0x00007f91504e8d90): ParallelGCFailedAllocation, mode: safepoint, requested by thread 0x00007f912400e000


---------------  P R O C E S S  ---------------

Java Threads: ( => current thread )
  0x00007f9118266800 JavaThread "File lock request listener" [_thread_in_native, id=13885, stack(0x00007f9150038000,0x00007f9150139000)]
  0x00007f911874e000 JavaThread "process reaper" daemon [_thread_blocked, id=13884, stack(0x00007f9150139000,0x00007f9150172000)]
  0x00007f911801f800 JavaThread "Stdin handler" [_thread_blocked, id=13882, stack(0x00007f91501ec000,0x00007f91502ed000)]
  0x00007f911802a000 JavaThread "Asynchronous log dispatcher for org.gradle.launcher.daemon.server.DefaultDaemonConnection@df81044" [_thread_blocked, id=13881, stack(0x00007f91502ed000,0x00007f91503ee000)]
  0x00007f912400e000 JavaThread "Daemon worker" [_thread_blocked, id=13878, stack(0x00007f91503ee000,0x00007f91504ef000)]
  0x00007f9124012800 JavaThread "Cancel handler" [_thread_blocked, id=13877, stack(0x00007f91504ef000,0x00007f91505f0000)]
  0x00007f9124008800 JavaThread "Handler for socket connection from /127.0.0.1:41905 to /127.0.0.1:39770" [_thread_in_native, id=13876, stack(0x00007f91505f0000,0x00007f91506f1000)]
  0x00007f912c030800 JavaThread "Daemon" [_thread_blocked, id=13875, stack(0x00007f91506f1000,0x00007f91507f2000)]
  0x00007f9168b96800 JavaThread "pool-1-thread-1" [_thread_blocked, id=13874, stack(0x00007f91507f2000,0x00007f91508f3000)]
  0x00007f9168b23000 JavaThread "Incoming local TCP Connector on port 41905" [_thread_in_native, id=13873, stack(0x00007f9150af3000,0x00007f9150bf4000)]
  0x00007f91680ba800 JavaThread "Service Thread" daemon [_thread_blocked, id=13871, stack(0x00007f9151dfe000,0x00007f9151eff000)]
  0x00007f91680b7800 JavaThread "C1 CompilerThread1" daemon [_thread_blocked, id=13870, stack(0x00007f9151f00000,0x00007f9152000000)]
  0x00007f91680b5000 JavaThread "C2 CompilerThread0" daemon [_thread_blocked, id=13869, stack(0x00007f9158057000,0x00007f9158157000)]
  0x00007f91680b0800 JavaThread "Signal Dispatcher" daemon [_thread_blocked, id=13868, stack(0x00007f9158157000,0x00007f9158258000)]
  0x00007f916807f800 JavaThread "Finalizer" daemon [_thread_blocked, id=13867, stack(0x00007f91583f4000,0x00007f91584f5000)]
  0x00007f916807b000 JavaThread "Reference Handler" daemon [_thread_blocked, id=13866, stack(0x00007f91584f5000,0x00007f91585f6000)]
  0x00007f916800a800 JavaThread "main" [_thread_blocked, id=13861, stack(0x00007f916fe4a000,0x00007f916ff4a000)]

Other Threads:
=>0x00007f9168073800 VMThread [stack: 0x00007f91585f7000,0x00007f91586f7000] [id=13865]
  0x00007f91680bd000 WatcherThread [stack: 0x00007f9151cfe000,0x00007f9151dfe000] [id=13872]

VM state:at safepoint (normal execution)

VM Mutex/Monitor currently owned by a thread:  ([mutex/lock_event])
[0x00007f9168007c90] Threads_lock - owner thread: 0x00007f9168073800
[0x00007f9168008190] Heap_lock - owner thread: 0x00007f912400e000

Heap:
 PSYoungGen      total 119808K, used 9212K [0x00000000eab00000, 0x00000000f3000000, 0x0000000100000000)
  eden space 110592K, 0% used [0x00000000eab00000,0x00000000eab00000,0x00000000f1700000)
  from space 9216K, 99% used [0x00000000f1e00000,0x00000000f26ff040,0x00000000f2700000)
  to   space 6656K, 0% used [0x00000000f2980000,0x00000000f2980000,0x00000000f3000000)
 ParOldGen       total 33280K, used 11886K [0x00000000c0000000, 0x00000000c2080000, 0x00000000eab00000)
  object space 33280K, 35% used [0x00000000c0000000,0x00000000c0b9b9f8,0x00000000c2080000)
 Metaspace       used 31974K, capacity 32588K, committed 32896K, reserved 1077248K
  class space    used 4299K, capacity 4457K, committed 4480K, reserved 1048576K

Card table byte_map: [0x00007f916d092000,0x00007f916d293000] byte_map_base: 0x00007f916ca92000

Marking Bits: (ParMarkBitMap*) 0x00007f916f338440
 Begin Bits: [0x00007f9152000000, 0x00007f9153000000)
 End Bits:   [0x00007f9153000000, 0x00007f9154000000)

Polling page: 0x00007f916ff7c000

CodeCache: size=245760Kb used=11597Kb max_used=11624Kb free=234162Kb
 bounds [0x00007f9159000000, 0x00007f9159b70000, 0x00007f9168000000]
 total_blobs=3844 nmethods=3187 adapters=571
 compilation: enabled

Compilation events (10 events):
Event: 26,128 Thread 0x00007f91680b7800 3201       2       org.objectweb.asm.FieldWriter::a (262 bytes)
Event: 26,129 Thread 0x00007f91680b7800 nmethod 3201 0x00007f9159b46550 code [0x00007f9159b46780, 0x00007f9159b46e08]
Event: 26,129 Thread 0x00007f91680b7800 3202       2       org.objectweb.asm.FieldWriter::a (475 bytes)
Event: 26,131 Thread 0x00007f91680b7800 nmethod 3202 0x00007f9159b45090 code [0x00007f9159b453c0, 0x00007f9159b45c38]
Event: 26,131 Thread 0x00007f91680b7800 3203   !   2       org.gradle.internal.reflect.JavaMethod::invoke (74 bytes)
Event: 26,132 Thread 0x00007f91680b7800 nmethod 3203 0x00007f9159b43c10 code [0x00007f9159b43e60, 0x00007f9159b44758]
Event: 26,279 Thread 0x00007f91680b7800 3204       2       org.gradle.api.internal.ConventionAwareHelper::getConventionValue (106 bytes)
Event: 26,280 Thread 0x00007f91680b7800 nmethod 3204 0x00007f9159b43390 code [0x00007f9159b43560, 0x00007f9159b43a08]
Event: 26,315 Thread 0x00007f91680b5000 nmethod 3194 0x00007f9159b58950 code [0x00007f9159b58de0, 0x00007f9159b5cba0]
Event: 26,315 Thread 0x00007f91680b5000 3195       4       java.lang.reflect.Method::getGenericParameterTypes (5 bytes)

GC Heap History (10 events):
Event: 7,215 GC heap after
Heap after GC invocations=5 (full 0):
 PSYoungGen      total 33280K, used 2560K [0x00000000eab00000, 0x00000000ef700000, 0x0000000100000000)
  eden space 30720K, 0% used [0x00000000eab00000,0x00000000eab00000,0x00000000ec900000)
  from space 2560K, 100% used [0x00000000ec900000,0x00000000ecb80000,0x00000000ecb80000)
  to   space 8192K, 0% used [0x00000000eef00000,0x00000000eef00000,0x00000000ef700000)
 ParOldGen       total 40960K, used 8737K [0x00000000c0000000, 0x00000000c2800000, 0x00000000eab00000)
  object space 40960K, 21% used [0x00000000c0000000,0x00000000c0888490,0x00000000c2800000)
 Metaspace       used 17177K, capacity 17546K, committed 17792K, reserved 1064960K
  class space    used 2297K, capacity 2419K, committed 2432K, reserved 1048576K
}
Event: 9,014 GC heap before
{Heap before GC invocations=6 (full 0):
 PSYoungGen      total 33280K, used 33280K [0x00000000eab00000, 0x00000000ef700000, 0x0000000100000000)
  eden space 30720K, 100% used [0x00000000eab00000,0x00000000ec900000,0x00000000ec900000)
  from space 2560K, 100% used [0x00000000ec900000,0x00000000ecb80000,0x00000000ecb80000)
  to   space 8192K, 0% used [0x00000000eef00000,0x00000000eef00000,0x00000000ef700000)
 ParOldGen       total 40960K, used 8737K [0x00000000c0000000, 0x00000000c2800000, 0x00000000eab00000)
  object space 40960K, 21% used [0x00000000c0000000,0x00000000c0888490,0x00000000c2800000)
 Metaspace       used 20526K, capacity 20884K, committed 21120K, reserved 1067008K
  class space    used 2719K, capacity 2843K, committed 2944K, reserved 1048576K
Event: 9,033 GC heap after
Heap after GC invocations=6 (full 0):
 PSYoungGen      total 68608K, used 6550K [0x00000000eab00000, 0x00000000ef900000, 0x0000000100000000)
  eden space 60416K, 0% used [0x00000000eab00000,0x00000000eab00000,0x00000000ee600000)
  from space 8192K, 79% used [0x00000000eef00000,0x00000000ef565b08,0x00000000ef700000)
  to   space 9216K, 0% used [0x00000000ee600000,0x00000000ee600000,0x00000000eef00000)
 ParOldGen       total 40960K, used 8737K [0x00000000c0000000, 0x00000000c2800000, 0x00000000eab00000)
  object space 40960K, 21% used [0x00000000c0000000,0x00000000c0888490,0x00000000c2800000)
 Metaspace       used 20526K, capacity 20884K, committed 21120K, reserved 1067008K
  class space    used 2719K, capacity 2843K, committed 2944K, reserved 1048576K
}
Event: 9,166 GC heap before
{Heap before GC invocations=7 (full 0):
 PSYoungGen      total 68608K, used 8754K [0x00000000eab00000, 0x00000000ef900000, 0x0000000100000000)
  eden space 60416K, 3% used [0x00000000eab00000,0x00000000ead26d80,0x00000000ee600000)
  from space 8192K, 79% used [0x00000000eef00000,0x00000000ef565b08,0x00000000ef700000)
  to   space 9216K, 0% used [0x00000000ee600000,0x00000000ee600000,0x00000000eef00000)
 ParOldGen       total 40960K, used 8737K [0x00000000c0000000, 0x00000000c2800000, 0x00000000eab00000)
  object space 40960K, 21% used [0x00000000c0000000,0x00000000c0888490,0x00000000c2800000)
 Metaspace       used 20810K, capacity 21140K, committed 21296K, reserved 1067008K
  class space    used 2763K, capacity 2907K, committed 2944K, reserved 1048576K
Event: 9,182 GC heap after
Heap after GC invocations=7 (full 0):
 PSYoungGen      total 69632K, used 4183K [0x00000000eab00000, 0x00000000f3200000, 0x0000000100000000)
  eden space 60416K, 0% used [0x00000000eab00000,0x00000000eab00000,0x00000000ee600000)
  from space 9216K, 45% used [0x00000000ee600000,0x00000000eea15da8,0x00000000eef00000)
  to   space 8704K, 0% used [0x00000000f2980000,0x00000000f2980000,0x00000000f3200000)
 ParOldGen       total 40960K, used 8969K [0x00000000c0000000, 0x00000000c2800000, 0x00000000eab00000)
  object space 40960K, 21% used [0x00000000c0000000,0x00000000c08c2490,0x00000000c2800000)
 Metaspace       used 20810K, capacity 21140K, committed 21296K, reserved 1067008K
  class space    used 2763K, capacity 2907K, committed 2944K, reserved 1048576K
}
Event: 9,182 GC heap before
{Heap before GC invocations=8 (full 1):
 PSYoungGen      total 69632K, used 4183K [0x00000000eab00000, 0x00000000f3200000, 0x0000000100000000)
  eden space 60416K, 0% used [0x00000000eab00000,0x00000000eab00000,0x00000000ee600000)
  from space 9216K, 45% used [0x00000000ee600000,0x00000000eea15da8,0x00000000eef00000)
  to   space 8704K, 0% used [0x00000000f2980000,0x00000000f2980000,0x00000000f3200000)
 ParOldGen       total 40960K, used 8969K [0x00000000c0000000, 0x00000000c2800000, 0x00000000eab00000)
  object space 40960K, 21% used [0x00000000c0000000,0x00000000c08c2490,0x00000000c2800000)
 Metaspace       used 20810K, capacity 21140K, committed 21296K, reserved 1067008K
  class space    used 2763K, capacity 2907K, committed 2944K, reserved 1048576K
Event: 9,264 GC heap after
Heap after GC invocations=8 (full 1):
 PSYoungGen      total 69632K, used 0K [0x00000000eab00000, 0x00000000f3200000, 0x0000000100000000)
  eden space 60416K, 0% used [0x00000000eab00000,0x00000000eab00000,0x00000000ee600000)
  from space 9216K, 0% used [0x00000000ee600000,0x00000000ee600000,0x00000000eef00000)
  to   space 8704K, 0% used [0x00000000f2980000,0x00000000f2980000,0x00000000f3200000)
 ParOldGen       total 33280K, used 10322K [0x00000000c0000000, 0x00000000c2080000, 0x00000000eab00000)
  object space 33280K, 31% used [0x00000000c0000000,0x00000000c0a14bb0,0x00000000c2080000)
 Metaspace       used 20810K, capacity 21140K, committed 21296K, reserved 1067008K
  class space    used 2763K, capacity 2907K, committed 2944K, reserved 1048576K
}
Event: 12,121 GC heap before
{Heap before GC invocations=9 (full 1):
 PSYoungGen      total 69632K, used 60416K [0x00000000eab00000, 0x00000000f3200000, 0x0000000100000000)
  eden space 60416K, 100% used [0x00000000eab00000,0x00000000ee600000,0x00000000ee600000)
  from space 9216K, 0% used [0x00000000ee600000,0x00000000ee600000,0x00000000eef00000)
  to   space 8704K, 0% used [0x00000000f2980000,0x00000000f2980000,0x00000000f3200000)
 ParOldGen       total 33280K, used 10322K [0x00000000c0000000, 0x00000000c2080000, 0x00000000eab00000)
  object space 33280K, 31% used [0x00000000c0000000,0x00000000c0a14bb0,0x00000000c2080000)
 Metaspace       used 25620K, capacity 26180K, committed 26496K, reserved 1073152K
  class space    used 3530K, capacity 3708K, committed 3712K, reserved 1048576K
Event: 12,132 GC heap after
Heap after GC invocations=9 (full 1):
 PSYoungGen      total 117248K, used 6378K [0x00000000eab00000, 0x00000000f3000000, 0x0000000100000000)
  eden space 110592K, 0% used [0x00000000eab00000,0x00000000eab00000,0x00000000f1700000)
  from space 6656K, 95% used [0x00000000f2980000,0x00000000f2fbaaa0,0x00000000f3000000)
  to   space 9216K, 0% used [0x00000000f1e00000,0x00000000f1e00000,0x00000000f2700000)
 ParOldGen       total 33280K, used 10322K [0x00000000c0000000, 0x00000000c2080000, 0x00000000eab00000)
  object space 33280K, 31% used [0x00000000c0000000,0x00000000c0a14bb0,0x00000000c2080000)
 Metaspace       used 25620K, capacity 26180K, committed 26496K, reserved 1073152K
  class space    used 3530K, capacity 3708K, committed 3712K, reserved 1048576K
}
Event: 26,355 GC heap before
{Heap before GC invocations=10 (full 1):
 PSYoungGen      total 117248K, used 116970K [0x00000000eab00000, 0x00000000f3000000, 0x0000000100000000)
  eden space 110592K, 100% used [0x00000000eab00000,0x00000000f1700000,0x00000000f1700000)
  from space 6656K, 95% used [0x00000000f2980000,0x00000000f2fbaaa0,0x00000000f3000000)
  to   space 9216K, 0% used [0x00000000f1e00000,0x00000000f1e00000,0x00000000f2700000)
 ParOldGen       total 33280K, used 10322K [0x00000000c0000000, 0x00000000c2080000, 0x00000000eab00000)
  object space 33280K, 31% used [0x00000000c0000000,0x00000000c0a14bb0,0x00000000c2080000)
 Metaspace       used 31974K, capacity 32588K, committed 32896K, reserved 1077248K
  class space    used 4299K, capacity 4457K, committed 4480K, reserved 1048576K

Deoptimization events (10 events):
Event: 16,587 Thread 0x00007f912400e000 Uncommon trap: reason=bimorphic action=maybe_recompile pc=0x00007f915974f694 method=java.lang.ClassLoader.getPackage(Ljava/lang/String;)Ljava/lang/Package; @ 47
Event: 18,891 Thread 0x00007f912400e000 Uncommon trap: reason=unstable_if action=reinterpret pc=0x00007f915910a6f0 method=java.util.regex.Pattern.has(I)Z @ 6
Event: 22,660 Thread 0x00007f912400e000 Uncommon trap: reason=class_check action=maybe_recompile pc=0x00007f9159941bc8 method=java.security.MessageDigest$Delegate.engineUpdate([BII)V @ 7
Event: 22,660 Thread 0x00007f912400e000 Uncommon trap: reason=unstable_if action=reinterpret pc=0x00007f915993f63c method=sun.security.provider.DigestBase.engineUpdate([BII)V @ 35
Event: 23,871 Thread 0x00007f912400e000 Uncommon trap: reason=class_check action=maybe_recompile pc=0x00007f9159941bc8 method=java.security.MessageDigest$Delegate.engineUpdate([BII)V @ 7
Event: 23,871 Thread 0x00007f912400e000 Uncommon trap: reason=class_check action=maybe_recompile pc=0x00007f9159941bc8 method=java.security.MessageDigest$Delegate.engineUpdate([BII)V @ 7
Event: 25,048 Thread 0x00007f912400e000 Uncommon trap: reason=unstable_if action=reinterpret pc=0x00007f91593cff24 method=java.util.HashMap.putVal(ILjava/lang/Object;Ljava/lang/Object;ZZ)Ljava/lang/Object; @ 206
Event: 25,481 Thread 0x00007f912400e000 Uncommon trap: reason=unstable_if action=reinterpret pc=0x00007f91597b9ee0 method=java.util.HashMap.putVal(ILjava/lang/Object;Ljava/lang/Object;ZZ)Ljava/lang/Object; @ 162
Event: 25,481 Thread 0x00007f912400e000 Uncommon trap: reason=unstable_if action=reinterpret pc=0x00007f915928339c method=java.util.HashMap.resize()[Ljava/util/HashMap$Node; @ 206
Event: 25,796 Thread 0x00007f912400e000 Uncommon trap: reason=unstable_if action=reinterpret pc=0x00007f9159ae9a14 method=java.lang.reflect.Modifier.toString(I)Ljava/lang/String; @ 123

Classes redefined (0 events):
No events

Internal exceptions (10 events):
Event: 16,554 Thread 0x00007f912400e000 Exception <a 'java/lang/ClassNotFoundException': build_97ah83otqtsqx8nx3imcl40qaBeanInfo> (0x00000000edbc6030) thrown at [/usr/local/google/home/ralucas/source/AOSP-openjdk-git/jdk8u/hotspot/src/share/vm/classfile/systemDictionary.cpp, line 210]
Event: 16,555 Thread 0x00007f912400e000 Exception <a 'java/lang/ClassNotFoundException': build_97ah83otqtsqx8nx3imcl40qaCustomizer> (0x00000000edbd5898) thrown at [/usr/local/google/home/ralucas/source/AOSP-openjdk-git/jdk8u/hotspot/src/share/vm/classfile/systemDictionary.cpp, line 210]
Event: 16,563 Thread 0x00007f912400e000 Exception <a 'java/lang/ClassNotFoundException': org/gradle/api/internal/plugins/DefaultObjectConfigurationActionBeanInfo> (0x00000000edc2b098) thrown at [/usr/local/google/home/ralucas/source/AOSP-openjdk-git/jdk8u/hotspot/src/share/vm/classfile/systemDi
Event: 16,564 Thread 0x00007f912400e000 Exception <a 'java/lang/ClassNotFoundException': org/gradle/api/internal/plugins/DefaultObjectConfigurationActionCustomizer> (0x00000000edc58070) thrown at [/usr/local/google/home/ralucas/source/AOSP-openjdk-git/jdk8u/hotspot/src/share/vm/classfile/system
Event: 16,566 Thread 0x00007f912400e000 Exception <a 'java/lang/ClassNotFoundException': org/gradle/api/plugins/ObjectConfigurationActionBeanInfo> (0x00000000edc93018) thrown at [/usr/local/google/home/ralucas/source/AOSP-openjdk-git/jdk8u/hotspot/src/share/vm/classfile/systemDictionary.cpp, li
Event: 16,566 Thread 0x00007f912400e000 Exception <a 'java/lang/ClassNotFoundException': org/gradle/api/plugins/ObjectConfigurationActionCustomizer> (0x00000000edcb8ec8) thrown at [/usr/local/google/home/ralucas/source/AOSP-openjdk-git/jdk8u/hotspot/src/share/vm/classfile/systemDictionary.cpp, 
Event: 24,490 Thread 0x00007f912400e000 Exception <a 'java/lang/ClassNotFoundException': org/gradle/api/plugins/BasePluginConventionBeanInfo> (0x00000000ef3c2ce8) thrown at [/usr/local/google/home/ralucas/source/AOSP-openjdk-git/jdk8u/hotspot/src/share/vm/classfile/systemDictionary.cpp, line 21
Event: 24,491 Thread 0x00007f912400e000 Exception <a 'java/lang/ClassNotFoundException': org/gradle/api/plugins/BasePluginConventionCustomizer> (0x00000000ef3f6338) thrown at [/usr/local/google/home/ralucas/source/AOSP-openjdk-git/jdk8u/hotspot/src/share/vm/classfile/systemDictionary.cpp, line 
Event: 26,052 Thread 0x00007f912400e000 Exception <a 'java/lang/ClassNotFoundException': org/gradle/api/plugins/JavaPluginConventionBeanInfo> (0x00000000f15dd480) thrown at [/usr/local/google/home/ralucas/source/AOSP-openjdk-git/jdk8u/hotspot/src/share/vm/classfile/systemDictionary.cpp, line 21
Event: 26,054 Thread 0x00007f912400e000 Exception <a 'java/lang/ClassNotFoundException': org/gradle/api/plugins/JavaPluginConventionCustomizer> (0x00000000f1610898) thrown at [/usr/local/google/home/ralucas/source/AOSP-openjdk-git/jdk8u/hotspot/src/share/vm/classfile/systemDictionary.cpp, line 

Events (10 events):
Event: 26,277 loading class org/gradle/api/plugins/JavaBasePlugin$9 done
Event: 26,280 loading class org/gradle/api/tasks/compile/JavaCompile
Event: 26,280 loading class org/gradle/api/tasks/compile/JavaCompile done
Event: 26,296 loading class org/gradle/api/plugins/JavaBasePlugin$10
Event: 26,296 loading class org/gradle/api/plugins/JavaBasePlugin$10 done
Event: 26,298 loading class org/gradle/api/plugins/JavaBasePlugin$1
Event: 26,298 loading class org/gradle/api/plugins/JavaBasePlugin$1 done
Event: 26,300 loading class org/gradle/api/tasks/javadoc/Javadoc
Event: 26,300 loading class org/gradle/api/tasks/javadoc/Javadoc done
Event: 26,321 Executing VM operation: ParallelGCFailedAllocation


Dynamic libraries:
00400000-00401000 r-xp 00000000 08:02 1625370                            /home/deni/android-studio/jre/bin/java
00600000-00601000 r--p 00000000 08:02 1625370                            /home/deni/android-studio/jre/bin/java
00601000-00602000 rw-p 00001000 08:02 1625370                            /home/deni/android-studio/jre/bin/java
007a6000-007c7000 rw-p 00000000 00:00 0                                  [heap]
c0000000-c2080000 rw-p 00000000 00:00 0 
c2080000-eab00000 ---p 00000000 00:00 0 
eab00000-f3000000 rw-p 00000000 00:00 0 
f6000000-100000000 ---p 00000000 00:00 0 
100000000-100460000 rw-p 00000000 00:00 0 
100460000-140000000 ---p 00000000 00:00 0 
7f9118000000-7f9118af1000 rw-p 00000000 00:00 0 
7f9118af1000-7f911c000000 ---p 00000000 00:00 0 
7f911ec8e000-7f911ee4e000 rw-p 00000000 00:00 0 
7f911ee4e000-7f911ee8e000 ---p 00000000 00:00 0 
7f911ee8e000-7f911f08e000 rw-p 00000000 00:00 0 
7f911f08e000-7f911f0b9000 r--s 001fc000 08:02 1552935                    /home/deni/.gradle/caches/modules-2/files-2.1/com.google.guava/guava/18.0/cce0823396aa693798f8882e64213b1772032b09/guava-18.0.jar
7f911f0b9000-7f911f0ba000 r--s 00001000 08:02 1552934                    /home/deni/.gradle/caches/modules-2/files-2.1/com.android.tools/annotations/25.2.3/a9970f79003cbf4aaaf26a5590aca7066f209347/annotations-25.2.3.jar
7f911f0ba000-7f911f0cd000 r--s 000b2000 08:02 1552933                    /home/deni/.gradle/caches/modules-2/files-2.1/com.android.tools.external.com-intellij/uast/145.597.4/6b430796bdb6563146affb34fb840c64e8d1d3b1/uast-145.597.4.jar
7f911f0cd000-7f911f0d5000 r--s 000a8000 08:02 1552932                    /home/deni/.gradle/caches/modules-2/files-2.1/com.android.tools.external.lombok/lombok-ast/0.2.3/528b6f8bde3157f17530aa366631f2aad2a6cf9/lombok-ast-0.2.3.jar
7f911f0d5000-7f911f0d7000 r--s 0000d000 08:02 1552931                    /home/deni/.gradle/caches/modules-2/files-2.1/commons-codec/commons-codec/1.4/4216af16d38465bbab0f3dff8efa14204f7a399a/commons-codec-1.4.jar
7f911f0d7000-7f911f0d9000 r--s 0000d000 08:02 1552930                    /home/deni/.gradle/caches/modules-2/files-2.1/commons-logging/commons-logging/1.1.1/5043bfebc3db072ed80fbd362e7caf00e885d8ae/commons-logging-1.1.1.jar
7f911f0d9000-7f911f0de000 r--s 00028000 08:02 1552929                    /home/deni/.gradle/caches/modules-2/files-2.1/org.apache.httpcomponents/httpcore/4.1/33fc26c02f8043ab0ede19eadc8c9885386b255c/httpcore-4.1.jar
7f911f0de000-7f911f0e2000 r--s 0002f000 08:02 1552928                    /home/deni/.gradle/caches/modules-2/files-2.1/com.google.jimfs/jimfs/1.1/8fbd0579dc68aba6186935cc1bee21d2f3e7ec1c/jimfs-1.1.jar
7f911f0e2000-7f911f0e3000 r--s 00004000 08:02 1552927                    /home/deni/.gradle/caches/modules-2/files-2.1/com.intellij/annotations/12.0/bbcf6448f6d40abe506e2c83b70a3e8bfd2b4539/annotations-12.0.jar
7f911f0e3000-7f911f0e4000 r--s 00004000 08:02 1552926                    /home/deni/.gradle/caches/modules-2/files-2.1/org.ow2.asm/asm-analysis/5.0.4/51f5031331a56c462a3cc5126e21ab65958759a9/asm-analysis-5.0.4.jar
7f911f0e4000-7f911f0e8000 r--s 0003b000 08:02 1552925                    /home/deni/.gradle/caches/modules-2/files-2.1/com.android.tools.lint/lint-api/25.2.3/fb7afa11dcda11d5bf0fcd3dcfec3e13ee921057/lint-api-25.2.3.jar
7f911f0e8000-7f911f0e9000 r--s 0000a000 08:02 1552924                    /home/deni/.gradle/caches/modules-2/files-2.1/net.sf.kxml/kxml2/2.3.0/ccbc77a5fd907ef863c29f3596c6f54ffa4e9442/kxml2-2.3.0.jar
7f911f0e9000-7f911f0eb000 r--s 00005000 08:02 1552922                    /home/deni/.gradle/caches/modules-2/files-2.1/org.apache.httpcomponents/httpmime/4.1/9ba2dcdf94ce35c8a8e9bff242db0618ca932e92/httpmime-4.1.jar
7f911f0eb000-7f911f0f3000 r--s 0004e000 08:02 1552923                    /home/deni/.gradle/caches/modules-2/files-2.1/org.apache.httpcomponents/httpclient/4.1.1/3d1d918f32709e33ba7ddb2c4e8d1c543ebe713e/httpclient-4.1.1.jar
7f911f0f3000-7f911f0fa000 r--s 00053000 08:02 1552920                    /home/deni/.gradle/caches/modules-2/files-2.1/org.apache.commons/commons-compress/1.8.1/a698750c16740fd5b3871425f4cb3bbaa87f529d/commons-compress-1.8.1.jar
7f911f0fa000-7f911f0ff000 r--s 0002a000 08:02 1552921                    /home/deni/.gradle/caches/modules-2/files-2.1/com.google.code.gson/gson/2.2.4/a60a5e993c98c864010053cb901b7eab25306568/gson-2.2.4.jar
7f911f0ff000-7f911f104000 r--s 0002d000 08:02 1552918                    /home/deni/.gradle/caches/modules-2/files-2.1/com.android.tools/repository/25.2.3/179dee8115834f40bd9b39675da3a0273174c3ca/repository-25.2.3.jar
7f911f104000-7f911f105000 r--s 00005000 08:02 1552915                    /home/deni/.gradle/caches/modules-2/files-2.1/com.android.tools/dvlib/25.2.3/5afd79f645811a98c0519141cc13900c659091a8/dvlib-25.2.3.jar
7f911f105000-7f911f108000 r--s 00014000 08:02 1552914                    /home/deni/.gradle/caches/modules-2/files-2.1/com.android.tools.layoutlib/layoutlib-api/25.2.3/ead9944caa7cba814184148efe69faf8896f4478/layoutlib-api-25.2.3.jar
7f911f108000-7f911f10c000 r--s 00037000 08:02 1552912                    /home/deni/.gradle/caches/modules-2/files-2.1/org.antlr/ST4/4.0.8/a1c55e974f8a94d78e2348fa6ff63f4fa1fae64/ST4-4.0.8.jar
7f911f10c000-7f911f10f000 r--s 00026000 08:02 1552911                    /home/deni/.gradle/caches/modules-2/files-2.1/org.antlr/antlr-runtime/3.5.2/cd9cd41361c155f3af0f653009dcecb08d8b4afd/antlr-runtime-3.5.2.jar
7f911f10f000-7f911f114000 r--s 00058000 08:02 1552910                    /home/deni/.gradle/caches/modules-2/files-2.1/org.ow2.asm/asm-debug-all/5.0.1/f69b5f7d96cec0d448acf1c1a266584170c9643b/asm-debug-all-5.0.1.jar
7f911f114000-7f911f124000 r--s 000d6000 08:02 1552909                    /home/deni/.gradle/caches/modules-2/files-2.1/net.sf.proguard/proguard-base/5.2.1/4f61348b4e7c943b85679dcb697f3a5fc3101921/proguard-base-5.2.1.jar
7f911f124000-7f911f127000 r--s 00033000 08:02 1552908                    /home/deni/.gradle/caches/modules-2/files-2.1/com.googlecode.juniversalchardet/juniversalchardet/1.0.3/cd49678784c46aa8789c060538e0154013bb421b/juniversalchardet-1.0.3.jar
7f911f127000-7f911f12b000 r--s 0002a000 08:02 1552907                    /home/deni/.gradle/caches/modules-2/files-2.1/commons-io/commons-io/2.4/b1b6ea3b7e4aa4f492509a4952029cd8e48019ad/commons-io-2.4.jar
7f911f12b000-7f911f142000 r--s 00154000 08:02 1552906                    /home/deni/.gradle/caches/modules-2/files-2.1/org.antlr/antlr4/4.5.3/f35db7e4b2446e4174ba6a73db7bd6b3e6bb5da1/antlr4-4.5.3.jar
7f911f142000-7f911f143000 r--s 00002000 08:02 1552905                    /home/deni/.gradle/caches/modules-2/files-2.1/com.android.databinding/baseLibrary/2.2.3/b4b51d1925cdfda98fd861230c1ecb5855500129/baseLibrary-2.2.3.jar
7f911f143000-7f911f156000 r--s 00236000 08:02 1552904                    /home/deni/.gradle/caches/modules-2/files-2.1/org.eclipse.jdt.core.compiler/ecj/4.5.1/bee1367ac12fb6a20b422ff8711ebeb4f0a42316/ecj-4.5.1.jar
7f911f156000-7f911f15d000 r--s 000c3000 08:02 1552903                    /home/deni/.gradle/caches/modules-2/files-2.1/com.android.tools.lint/lint-checks/25.2.3/eae71c1f5ce54195dc821133e3a5df8145de8ff5/lint-checks-25.2.3.jar
7f911f15d000-7f911f15f000 r--s 00006000 08:02 1552902                    /home/deni/.gradle/caches/modules-2/files-2.1/org.ow2.asm/asm-tree/5.0.4/396ce0c07ba2b481f25a70195c7c94922f0d1b0b/asm-tree-5.0.4.jar
7f911f15f000-7f911f192000 r--s 00203000 08:02 1552901                    /home/deni/.gradle/caches/modules-2/files-2.1/org.bouncycastle/bcprov-jdk15on/1.48/960dea7c9181ba0b17e8bab0c06a43f0a5f04e65/bcprov-jdk15on-1.48.jar
7f911f192000-7f911f1a0000 r--s 00081000 08:02 1552900                    /home/deni/.gradle/caches/modules-2/files-2.1/org.bouncycastle/bcpkix-jdk15on/1.48/28b7614b908a47844bb27e3c94b45b6893656265/bcpkix-jdk15on-1.48.jar
7f911f1a0000-7f911f1a2000 r--s 00002000 08:02 1552899                    /home/deni/.gradle/caches/modules-2/files-2.1/com.squareup/javawriter/2.5.0/81241ff7078ef14f42ea2a8995fa09c096256e6b/javawriter-2.5.0.jar
7f911f1a2000-7f911f1a3000 r--s 00002000 08:02 1552898                    /home/deni/.gradle/caches/modules-2/files-2.1/com.android.tools.analytics-library/tracker/25.2.3/c807f7b3d9aa3cee795ecac620d22c5ca7dd92e1/tracker-25.2.3.jar
7f911f1a3000-7f911f1a5000 r--s 00003000 08:02 1552897                    /home/deni/.gradle/caches/modules-2/files-2.1/com.android.tools.analytics-library/shared/25.2.3/785426dac20cfe596e4cf36d01aad930ffdcb05c/shared-25.2.3.jar
7f911f1a5000-7f911f1b2000 r--s 000ed000 08:02 1552896                    /home/deni/.gradle/caches/modules-2/files-2.1/com.android.tools.analytics-library/protos/25.2.3/821098054f9667d0f2536d7f2d0200d8bdd9c898/protos-25.2.3.jar
7f911f1b2000-7f911f1b3000 r--s 00001000 08:02 1552895                    /home/deni/.gradle/caches/modules-2/files-2.1/com.android.tools.jill/jill-api/0.10.0/7dfd6360ae4af1e171ec67b92e0cf065d59eef19/jill-api-0.10.0.jar
7f911f1b3000-7f911f1b5000 r--s 00003000 08:02 1552894                    /home/deni/.gradle/caches/modules-2/files-2.1/com.android.tools.jack/jack-api/0.11.0/ccda6afebd2b9cf60886c601ea561bba62c35c70/jack-api-0.11.0.jar
7f911f1b5000-7f911f1ba000 r--s 0004a000 08:02 1552893                    /home/deni/.gradle/caches/modules-2/files-2.1/com.android.tools.ddms/ddmlib/25.2.3/2b66df9156f476b0ccee44b378cd09073118ff59/ddmlib-25.2.3.jar
7f911f1ba000-7f911f1bd000 r--s 00021000 08:02 1552892                    /home/deni/.gradle/caches/modules-2/files-2.1/com.android.tools.build/manifest-merger/25.2.3/d0212c507be4c38c39f4ee06a7df5a44f500ed3b/manifest-merger-25.2.3.jar
7f911f1bd000-7f911f1bf000 r--s 0001c000 08:02 1552891                    /home/deni/.gradle/caches/modules-2/files-2.1/com.android.tools/common/25.2.3/255aa01048bebb511d828c6a5fc668df13b8f39d/common-25.2.3.jar
7f911f1bf000-7f911f1c7000 r--s 00084000 08:02 1552890                    /home/deni/.gradle/caches/modules-2/files-2.1/com.android.tools/sdk-common/25.2.3/2c49ca3df5bb961473b096bab2a615a7cda50dc/sdk-common-25.2.3.jar
7f911f1c7000-7f911f1d2000 r--s 0008e000 08:02 1552889                    /home/deni/.gradle/caches/modules-2/files-2.1/com.android.tools/sdklib/25.2.3/9f12cfc56b1df4e42fa2b73f9936b586b9a56a2/sdklib-25.2.3.jar
7f911f1d2000-7f911f1d3000 r--s 00002000 08:02 1552888                    /home/deni/.gradle/caches/modules-2/files-2.1/com.android.tools.build/builder-test-api/2.2.3/700079fc243c217dbd6250ac01d2d6210ca8a0d6/builder-test-api-2.2.3.jar
7f911f1d3000-7f911f1d6000 r--s 00005000 08:02 1552887                    /home/deni/.gradle/caches/modules-2/files-2.1/com.android.tools.build/builder-model/2.2.3/eddf6035ce0a31651527b4c3cc239428e877c43a/builder-model-2.2.3.jar
7f911f1d6000-7f911f1e0000 r--s 00110000 08:02 1552886                    /home/deni/.gradle/caches/modules-2/files-2.1/org.antlr/antlr/3.5.2/c4a65c950bfc3e7d04309c515b2177c00baf7764/antlr-3.5.2.jar
7f911f1e0000-7f911f1e8000 r--s 0007b000 08:02 1552885                    /home/deni/.gradle/caches/modules-2/files-2.1/com.google.protobuf/protobuf-java/2.5.0/a10732c76bfacdbd633a7eb0f7968b1059a65dfa/protobuf-java-2.5.0.jar
7f911f1e8000-7f911f1ea000 r--s 0000f000 08:02 1552884                    /home/deni/.gradle/caches/modules-2/files-2.1/net.sf.jopt-simple/jopt-simple/4.9/ee9e9eaa0a35360dcfeac129ff4923215fd65904/jopt-simple-4.9.jar
7f911f1ea000-7f911f1ee000 r--s 0001f000 08:02 1552883                    /home/deni/.gradle/caches/modules-2/files-2.1/org.jacoco/org.jacoco.report/0.7.5.201505241946/cb1ac5562a45c98cd7b774452f3e8b867b71cd65/org.jacoco.report-0.7.5.201505241946.jar
7f911f1ee000-7f911f1f2000 r--s 0001d000 08:02 1552882                    /home/deni/.gradle/caches/modules-2/files-2.1/org.jacoco/org.jacoco.core/0.7.5.201505241946/1ea906dc5201d2a1bc0604f8650534d4bcaf4c95/org.jacoco.core-0.7.5.201505241946.jar
7f911f1f2000-7f911f1f3000 r--s 00002000 08:02 1552881                    /home/deni/.gradle/caches/modules-2/files-2.1/net.sf.proguard/proguard-gradle/5.2.1/5e9956c050fd84fa043517e77c4c0ff175a6b002/proguard-gradle-5.2.1.jar
7f911f1f3000-7f911f1f5000 r--s 00009000 08:02 1552880                    /home/deni/.gradle/caches/modules-2/files-2.1/org.ow2.asm/asm-commons/5.0.4/5a556786086c23cd689a0328f8519db93821c04c/asm-commons-5.0.4.jar
7f911f1f5000-7f911f1f7000 r--s 0000c000 08:02 1552879                    /home/deni/.gradle/caches/modules-2/files-2.1/org.ow2.asm/asm/5.0.4/da08b8cce7bbf903602a25a3a163ae252435795/asm-5.0.4.jar
7f911f1f7000-7f911f1fb000 r--s 0002b000 08:02 1552878                    /home/deni/.gradle/caches/modules-2/files-2.1/com.android.databinding/compilerCommon/2.2.3/8c3829022a54acd042b5382a4a873ee2d64c29ee/compilerCommon-2.2.3.jar
7f911f1fb000-7f911f200000 r--s 00053000 08:02 1552875                    /home/deni/.gradle/caches/modules-2/files-2.1/com.android.tools.lint/lint/25.2.3/aa03a3669f2913b9bc6f5f4fba4418f974e48cb7/lint-25.2.3.jar
7f911f200000-7f911f400000 rw-p 00000000 00:00 0 
7f911f400000-7f911f600000 rw-p 00000000 00:00 0 
7f911f600000-7f911f800000 rw-p 00000000 00:00 0 
7f911f800000-7f911fa00000 rw-p 00000000 00:00 0 
7f911fa00000-7f911fc00000 rw-p 00000000 00:00 0 
7f911fc00000-7f911fe00000 rw-p 00000000 00:00 0 
7f911fe00000-7f9120000000 rw-p 00000000 00:00 0 
7f9120000000-7f9120021000 rw-p 00000000 00:00 0 
7f9120021000-7f9124000000 ---p 00000000 00:00 0 
7f9124000000-7f9124021000 rw-p 00000000 00:00 0 
7f9124021000-7f9128000000 ---p 00000000 00:00 0 
7f9128000000-7f9128021000 rw-p 00000000 00:00 0 
7f9128021000-7f912c000000 ---p 00000000 00:00 0 
7f912c000000-7f912c069000 rw-p 00000000 00:00 0 
7f912c069000-7f9130000000 ---p 00000000 00:00 0 
7f9130000000-7f9130679000 rw-p 00000000 00:00 0 
7f9130679000-7f9134000000 ---p 00000000 00:00 0 
7f9134000000-7f9134021000 rw-p 00000000 00:00 0 
7f9134021000-7f9138000000 ---p 00000000 00:00 0 
7f9138000000-7f9138021000 rw-p 00000000 00:00 0 
7f9138021000-7f913c000000 ---p 00000000 00:00 0 
7f913c000000-7f913e4a8000 rw-p 00000000 00:00 0 
7f913e4a8000-7f9140000000 ---p 00000000 00:00 0 
7f9140000000-7f9140021000 rw-p 00000000 00:00 0 
7f9140021000-7f9144000000 ---p 00000000 00:00 0 
7f9144000000-7f9144021000 rw-p 00000000 00:00 0 
7f9144021000-7f9148000000 ---p 00000000 00:00 0 
7f9148000000-7f9148282000 rw-p 00000000 00:00 0 
7f9148282000-7f914c000000 ---p 00000000 00:00 0 
7f914c000000-7f914c049000 rw-p 00000000 00:00 0 
7f914c049000-7f9150000000 ---p 00000000 00:00 0 
7f9150000000-7f9150001000 r--s 00002000 08:02 1552877                    /home/deni/.gradle/caches/modules-2/files-2.1/com.android.tools.build/gradle-api/2.2.3/9a45614f789d4aab624d2a61983263885f42b615/gradle-api-2.2.3.jar
7f9150001000-7f9150002000 r--s 00000000 08:02 1552876                    /home/deni/.gradle/caches/modules-2/files-2.1/com.android.tools.build/transform-api/2.0.0-deprecated-use-gradle-api/85bee1acea9e27152b920746c68133b30b11431/transform-api-2.0.0-deprecated-use-gradle-api.jar
7f9150002000-7f9150019000 r--s 0015e000 08:02 1552874                    /home/deni/.gradle/caches/modules-2/files-2.1/com.android.tools.build/builder/2.2.3/13e7339544e824a3a5f8ecff42173c013791578b/builder-2.2.3.jar
7f9150019000-7f9150036000 r--s 0019d000 08:02 1552873                    /home/deni/.gradle/caches/modules-2/files-2.1/com.android.tools.build/gradle-core/2.2.3/3a777b0626810e0ccdced7d750ac4b60c279616c/gradle-core-2.2.3.jar
7f9150036000-7f9150038000 r--s 0000d000 08:02 1552872                    /home/deni/.gradle/caches/modules-2/files-2.1/com.android.tools.build/gradle/2.2.3/7b8f79621d95e3ce1e95c0852db14d9d7e1d1951/gradle-2.2.3.jar
7f9150038000-7f915003b000 ---p 00000000 00:00 0 
7f915003b000-7f9150139000 rw-p 00000000 00:00 0 
7f9150139000-7f915013c000 ---p 00000000 00:00 0 
7f915013c000-7f9150172000 rw-p 00000000 00:00 0 
7f9150172000-7f9150173000 r--p 00000000 00:00 0 
7f9150173000-7f91501ec000 r--s 010fd000 08:02 1625365                    /home/deni/android-studio/jre/lib/tools.jar
7f91501ec000-7f91501ef000 ---p 00000000 00:00 0 
7f91501ef000-7f91502ed000 rw-p 00000000 00:00 0 
7f91502ed000-7f91502f0000 ---p 00000000 00:00 0 
7f91502f0000-7f91503ee000 rw-p 00000000 00:00 0 
7f91503ee000-7f91503f1000 ---p 00000000 00:00 0 
7f91503f1000-7f91504ef000 rw-p 00000000 00:00 0 
7f91504ef000-7f91504f2000 ---p 00000000 00:00 0 
7f91504f2000-7f91505f0000 rw-p 00000000 00:00 0 
7f91505f0000-7f91505f3000 ---p 00000000 00:00 0 
7f91505f3000-7f91506f1000 rw-p 00000000 00:00 0 
7f91506f1000-7f91506f4000 ---p 00000000 00:00 0 
7f91506f4000-7f91507f2000 rw-p 00000000 00:00 0 
7f91507f2000-7f91507f5000 ---p 00000000 00:00 0 
7f91507f5000-7f9150af3000 rw-p 00000000 00:00 0 
7f9150af3000-7f9150af6000 ---p 00000000 00:00 0 
7f9150af6000-7f9150bf4000 rw-p 00000000 00:00 0 
7f9150bf4000-7f9150bfd000 r-xp 00000000 08:02 1625449                    /home/deni/android-studio/jre/jre/lib/amd64/libmanagement.so
7f9150bfd000-7f9150dfc000 ---p 00009000 08:02 1625449                    /home/deni/android-studio/jre/jre/lib/amd64/libmanagement.so
7f9150dfc000-7f9150dfd000 r--p 00008000 08:02 1625449                    /home/deni/android-studio/jre/jre/lib/amd64/libmanagement.so
7f9150dfd000-7f9150dfe000 rw-p 00009000 08:02 1625449                    /home/deni/android-studio/jre/jre/lib/amd64/libmanagement.so
7f9150dfe000-7f9150e03000 r--s 0009a000 08:02 1625500                    /home/deni/android-studio/jre/jre/lib/jsse.jar
7f9150e03000-7f9150e05000 r--s 00007000 08:02 1536558                    /home/deni/.gradle/wrapper/dists/gradle-2.14.1-all/8bnwg5hd3w55iofp58khbp6yv/gradle-2.14.1/lib/plugins/gradle-tooling-api-builders-2.14.1.jar
7f9150e05000-7f9150e08000 r--s 00008000 08:02 1536548                    /home/deni/.gradle/wrapper/dists/gradle-2.14.1-all/8bnwg5hd3w55iofp58khbp6yv/gradle-2.14.1/lib/plugins/gradle-testing-native-2.14.1.jar
7f9150e08000-7f9150e0a000 r--s 00009000 08:02 1536648                    /home/deni/.gradle/wrapper/dists/gradle-2.14.1-all/8bnwg5hd3w55iofp58khbp6yv/gradle-2.14.1/lib/plugins/hamcrest-core-1.3.jar
7f9150e0a000-7f9150e10000 r--s 00033000 08:02 1536640                    /home/deni/.gradle/wrapper/dists/gradle-2.14.1-all/8bnwg5hd3w55iofp58khbp6yv/gradle-2.14.1/lib/plugins/snakeyaml-1.6.jar
7f9150e10000-7f9150e12000 r--s 00006000 08:02 1536638                    /home/deni/.gradle/wrapper/dists/gradle-2.14.1-all/8bnwg5hd3w55iofp58khbp6yv/gradle-2.14.1/lib/plugins/jcommander-1.12.jar
7f9150e12000-7f9150e17000 r--s 00040000 08:02 1536637                    /home/deni/.gradle/wrapper/dists/gradle-2.14.1-all/8bnwg5hd3w55iofp58khbp6yv/gradle-2.14.1/lib/plugins/bsh-2.0b4.jar
7f9150e17000-7f9150e20000 r--s 00089000 08:02 1536587                    /home/deni/.gradle/wrapper/dists/gradle-2.14.1-all/8bnwg5hd3w55iofp58khbp6yv/gradle-2.14.1/lib/plugins/testng-6.3.1.jar
7f9150e20000-7f9150e28000 r--s 00045000 08:02 1536585                    /home/deni/.gradle/wrapper/dists/gradle-2.14.1-all/8bnwg5hd3w55iofp58khbp6yv/gradle-2.14.1/lib/plugins/junit-4.12.jar
7f9150e28000-7f9150e2e000 r--s 0002e000 08:02 1536549                    /home/deni/.gradle/wrapper/dists/gradle-2.14.1-all/8bnwg5hd3w55iofp58khbp6yv/gradle-2.14.1/lib/plugins/gradle-testing-jvm-2.14.1.jar
7f9150e2e000-7f9150e33000 r--s 00015000 08:02 1536546                    /home/deni/.gradle/wrapper/dists/gradle-2.14.1-all/8bnwg5hd3w55iofp58khbp6yv/gradle-2.14.1/lib/plugins/gradle-testing-base-2.14.1.jar
7f9150e33000-7f9150e34000 r--s 00002000 08:02 1536576                    /home/deni/.gradle/wrapper/dists/gradle-2.14.1-all/8bnwg5hd3w55iofp58khbp6yv/gradle-2.14.1/lib/plugins/sonar-batch-bootstrapper-2.9.jar
7f9150e34000-7f9150e37000 r--s 00015000 08:02 1536521                    /home/deni/.gradle/wrapper/dists/gradle-2.14.1-all/8bnwg5hd3w55iofp58khbp6yv/gradle-2.14.1/lib/plugins/gradle-sonar-2.14.1.jar
7f9150e37000-7f9150e3e000 r--s 00038000 08:02 1536578                    /home/deni/.gradle/wrapper/dists/gradle-2.14.1-all/8bnwg5hd3w55iofp58khbp6yv/gradle-2.14.1/lib/plugins/bcpg-jdk15on-1.51.jar
7f9150e3e000-7f9150e40000 r--s 0000d000 08:02 1536522                    /home/deni/.gradle/wrapper/dists/gradle-2.14.1-all/8bnwg5hd3w55iofp58khbp6yv/gradle-2.14.1/lib/plugins/gradle-signing-2.14.1.jar
7f9150e40000-7f9150e43000 r--s 00009000 08:02 1536519                    /home/deni/.gradle/wrapper/dists/gradle-2.14.1-all/8bnwg5hd3w55iofp58khbp6yv/gradle-2.14.1/lib/plugins/gradle-scala-2.14.1.jar
7f9150e43000-7f9150e44000 r--s 00004000 08:02 1536555                    /home/deni/.gradle/wrapper/dists/gradle-2.14.1-all/8bnwg5hd3w55iofp58khbp6yv/gradle-2.14.1/lib/plugins/gradle-resources-sftp-2.14.1.jar
7f9150e44000-7f9150e54000 r--s 00088000 08:02 1536598                    /home/deni/.gradle/wrapper/dists/gradle-2.14.1-all/8bnwg5hd3w55iofp58khbp6yv/gradle-2.14.1/lib/plugins/joda-time-2.8.2.jar
7f9150e54000-7f9150e65000 r--s 000cf000 08:02 1536597                    /home/deni/.gradle/wrapper/dists/gradle-2.14.1-all/8bnwg5hd3w55iofp58khbp6yv/gradle-2.14.1/lib/plugins/jackson-databind-2.3.2.jar
7f9150e65000-7f9150e67000 r--s 00007000 08:02 1536596                    /home/deni/.gradle/wrapper/dists/gradle-2.14.1-all/8bnwg5hd3w55iofp58khbp6yv/gradle-2.14.1/lib/plugins/jackson-annotations-2.3.2.jar
7f9150e67000-7f9150e6a000 r--s 0002e000 08:02 1536594                    /home/deni/.gradle/wrapper/dists/gradle-2.14.1-all/8bnwg5hd3w55iofp58khbp6yv/gradle-2.14.1/lib/plugins/jackson-core-2.3.2.jar
7f9150e6a000-7f9150e75000 r--s 0006b000 08:02 1536593                    /home/deni/.gradle/wrapper/dists/gradle-2.14.1-all/8bnwg5hd3w55iofp58khbp6yv/gradle-2.14.1/lib/plugins/aws-java-sdk-core-1.9.19.jar
7f9150e75000-7f9150e7b000 r--s 00036000 08:02 1536592                    /home/deni/.gradle/wrapper/dists/gradle-2.14.1-all/8bnwg5hd3w55iofp58khbp6yv/gradle-2.14.1/lib/plugins/aws-java-sdk-kms-1.9.19.jar
7f9150e7b000-7f9150e86000 r--s 00079000 08:02 1536591                    /home/deni/.gradle/wrapper/dists/gradle-2.14.1-all/8bnwg5hd3w55iofp58khbp6yv/gradle-2.14.1/lib/plugins/aws-java-sdk-s3-1.9.19.jar
7f9150e86000-7f9150e87000 r--s 00003000 08:02 1536557                    /home/deni/.gradle/wrapper/dists/gradle-2.14.1-all/8bnwg5hd3w55iofp58khbp6yv/gradle-2.14.1/lib/plugins/gradle-resources-s3-2.14.1.jar
7f9150e87000-7f9150e89000 r--s 00005000 08:02 1536584                    /home/deni/.gradle/wrapper/dists/gradle-2.14.1-all/8bnwg5hd3w55iofp58khbp6yv/gradle-2.14.1/lib/plugins/jatl-0.2.2.jar
7f9150e89000-7f9150e8b000 r--s 0000f000 08:02 1536527                    /home/deni/.gradle/wrapper/dists/gradle-2.14.1-all/8bnwg5hd3w55iofp58khbp6yv/gradle-2.14.1/lib/plugins/gradle-reporting-2.14.1.jar
7f9150e8b000-7f9150e8d000 r--s 00002000 08:02 1536528                    /home/deni/.gradle/wrapper/dists/gradle-2.14.1-all/8bnwg5hd3w55iofp58khbp6yv/gradle-2.14.1/lib/plugins/gradle-publish-2.14.1.jar
7f9150e8d000-7f9150e8f000 r--s 00009000 08:02 1536561                    /home/deni/.gradle/wrapper/dists/gradle-2.14.1-all/8bnwg5hd3w55iofp58khbp6yv/gradle-2.14.1/lib/plugins/commons-cli-1.2.jar
7f9150e8f000-7f9150e95000 r--s 00033000 08:02 1536508                    /home/deni/.gradle/wrapper/dists/gradle-2.14.1-all/8bnwg5hd3w55iofp58khbp6yv/gradle-2.14.1/lib/plugins/gradle-plugins-2.14.1.jar
7f9150e95000-7f9150e97000 r--s 00007000 08:02 1536551                    /home/deni/.gradle/wrapper/dists/gradle-2.14.1-all/8bnwg5hd3w55iofp58khbp6yv/gradle-2.14.1/lib/plugins/gradle-plugin-development-2.14.1.jar
7f9150e97000-7f9150e9d000 r--s 0002a000 08:02 1536542                    /home/deni/.gradle/wrapper/dists/gradle-2.14.1-all/8bnwg5hd3w55iofp58khbp6yv/gradle-2.14.1/lib/plugins/gradle-platform-play-2.14.1.jar
7f9150e9d000-7f9150eaa000 r--s 0004d000 08:02 1536541                    /home/deni/.gradle/wrapper/dists/gradle-2.14.1-all/8bnwg5hd3w55iofp58khbp6yv/gradle-2.14.1/lib/plugins/gradle-platform-native-2.14.1.jar
7f9150eaa000-7f9150eae000 r--s 0001a000 08:02 1536534                    /home/deni/.gradle/wrapper/dists/gradle-2.14.1-all/8bnwg5hd3w55iofp58khbp6yv/gradle-2.14.1/lib/plugins/gradle-platform-jvm-2.14.1.jar
7f9150eae000-7f9150eb5000 r--s 00029000 08:02 1536533                    /home/deni/.gradle/wrapper/dists/gradle-2.14.1-all/8bnwg5hd3w55iofp58khbp6yv/gradle-2.14.1/lib/plugins/gradle-platform-base-2.14.1.jar
7f9150eb5000-7f9150ed6000 r--s 001c3000 08:02 1536570                    /home/deni/.gradle/wrapper/dists/gradle-2.14.1-all/8bnwg5hd3w55iofp58khbp6yv/gradle-2.14.1/lib/plugins/bndlib-2.4.0.jar
7f9150ed6000-7f9150ed8000 r--s 00003000 08:02 1536513                    /home/deni/.gradle/wrapper/dists/gradle-2.14.1-all/8bnwg5hd3w55iofp58khbp6yv/gradle-2.14.1/lib/plugins/gradle-osgi-2.14.1.jar
7f9150ed8000-7f9150edb000 r--s 0000c000 08:02 1536573                    /home/deni/.gradle/wrapper/dists/gradle-2.14.1-all/8bnwg5hd3w55iofp58khbp6yv/gradle-2.14.1/lib/plugins/pmaven-groovy-0.8-20100325.jar
7f9150edb000-7f9150edc000 r--s 00004000 08:02 1536572                    /home/deni/.gradle/wrapper/dists/gradle-2.14.1-all/8bnwg5hd3w55iofp58khbp6yv/gradle-2.14.1/lib/plugins/pmaven-common-0.8-20100325.jar
7f9150edc000-7f9150ee2000 r--s 00022000 08:02 1536514                    /home/deni/.gradle/wrapper/dists/gradle-2.14.1-all/8bnwg5hd3w55iofp58khbp6yv/gradle-2.14.1/lib/plugins/gradle-maven-2.14.1.jar
7f9150ee2000-7f9150ee4000 r--s 0000a000 08:02 1536540                    /home/deni/.gradle/wrapper/dists/gradle-2.14.1-all/8bnwg5hd3w55iofp58khbp6yv/gradle-2.14.1/lib/plugins/gradle-language-scala-2.14.1.jar
7f9150ee4000-7f9150eea000 r--s 0001a000 08:02 1536544                    /home/deni/.gradle/wrapper/dists/gradle-2.14.1-all/8bnwg5hd3w55iofp58khbp6yv/gradle-2.14.1/lib/plugins/gradle-language-native-2.14.1.jar
7f9150eea000-7f9150eec000 r--s 00008000 08:02 1536536                    /home/deni/.gradle/wrapper/dists/gradle-2.14.1-all/8bnwg5hd3w55iofp58khbp6yv/gradle-2.14.1/lib/plugins/gradle-language-jvm-2.14.1.jar
7f9150eec000-7f9150ef2000 r--s 00024000 08:02 1536537                    /home/deni/.gradle/wrapper/dists/gradle-2.14.1-all/8bnwg5hd3w55iofp58khbp6yv/gradle-2.14.1/lib/plugins/gradle-language-java-2.14.1.jar
7f9150ef2000-7f9150ef4000 r--s 0000a000 08:02 1536539                    /home/deni/.gradle/wrapper/dists/gradle-2.14.1-all/8bnwg5hd3w55iofp58khbp6yv/gradle-2.14.1/lib/plugins/gradle-language-groovy-2.14.1.jar
7f9150ef4000-7f9150ef7000 r--s 0001e000 08:02 1536606                    /home/deni/.gradle/wrapper/dists/gradle-2.14.1-all/8bnwg5hd3w55iofp58khbp6yv/gradle-2.14.1/lib/plugins/jsp-api-2.1-6.1.14.jar
7f9150ef7000-7f9150f1a000 r--s 00344000 08:02 1536604                    /home/deni/.gradle/wrapper/dists/gradle-2.14.1-all/8bnwg5hd3w55iofp58khbp6yv/gradle-2.14.1/lib/plugins/core-3.1.1.jar
7f9150f1a000-7f9150f1b000 r--s 00006000 08:02 1536602                    /home/deni/.gradle/wrapper/dists/gradle-2.14.1-all/8bnwg5hd3w55iofp58khbp6yv/gradle-2.14.1/lib/plugins/jetty-naming-6.1.25.jar
7f9150f1b000-7f9150f1c000 r--s 00002000 08:02 1536569                    /home/deni/.gradle/wrapper/dists/gradle-2.14.1-all/8bnwg5hd3w55iofp58khbp6yv/gradle-2.14.1/lib/plugins/geronimo-annotation_1.0_spec-1.0.jar
7f9150f1c000-7f9150f1e000 r--s 00002000 08:02 1536568                    /home/deni/.gradle/wrapper/dists/gradle-2.14.1-all/8bnwg5hd3w55iofp58khbp6yv/gradle-2.14.1/lib/plugins/jetty-annotations-6.1.25.jar
7f9150f1e000-7f9150f2f000 r--s 000ea000 08:02 1536567                    /home/deni/.gradle/wrapper/dists/gradle-2.14.1-all/8bnwg5hd3w55iofp58khbp6yv/gradle-2.14.1/lib/plugins/jsp-2.1-6.1.14.jar
7f9150f2f000-7f9150f31000 r--s 0000d000 08:02 1536566                    /home/deni/.gradle/wrapper/dists/gradle-2.14.1-all/8bnwg5hd3w55iofp58khbp6yv/gradle-2.14.1/lib/plugins/jetty-plus-6.1.25.jar
7f9150f31000-7f9150f33000 r--s 0001f000 08:02 1536564                    /home/deni/.gradle/wrapper/dists/gradle-2.14.1-all/8bnwg5hd3w55iofp58khbp6yv/gradle-2.14.1/lib/plugins/servlet-api-2.5-20081211.jar
7f9150f33000-7f9150f37000 r--s 00028000 08:02 1536563                    /home/deni/.gradle/wrapper/dists/gradle-2.14.1-all/8bnwg5hd3w55iofp58khbp6yv/gradle-2.14.1/lib/plugins/jetty-util-6.1.25.jar
7f9150f37000-7f9150f3e000 r--s 0007d000 08:02 1536562                    /home/deni/.gradle/wrapper/dists/gradle-2.14.1-all/8bnwg5hd3w55iofp58khbp6yv/gradle-2.14.1/lib/plugins/jetty-6.1.25.jar
7f9150f3e000-7f9150f40000 r--s 00009000 08:02 1536511                    /home/deni/.gradle/wrapper/dists/gradle-2.14.1-all/8bnwg5hd3w55iofp58khbp6yv/gradle-2.14.1/lib/plugins/gradle-jetty-2.14.1.jar
7f9150f40000-7f9150f47000 r--s 00035000 08:02 1536582                    /home/deni/.gradle/wrapper/dists/gradle-2.14.1-all/8bnwg5hd3w55iofp58khbp6yv/gradle-2.14.1/lib/plugins/simple-4.1.21.jar
7f9150f47000-7f9150f53000 r--s 00100000 08:02 1536579                    /home/deni/.gradle/wrapper/dists/gradle-2.14.1-all/8bnwg5hd3w55iofp58khbp6yv/gradle-2.14.1/lib/plugins/rhino-1.7R3.jar
7f9150f53000-7f9150f57000 r--s 00011000 08:02 1536524                    /home/deni/.gradle/wrapper/dists/gradle-2.14.1-all/8bnwg5hd3w55iofp58khbp6yv/gradle-2.14.1/lib/plugins/gradle-javascript-2.14.1.jar
7f9150f57000-7f9150f59000 r--s 0000c000 08:02 1536531                    /home/deni/.gradle/wrapper/dists/gradle-2.14.1-all/8bnwg5hd3w55iofp58khbp6yv/gradle-2.14.1/lib/plugins/gradle-jacoco-2.14.1.jar
7f9150f59000-7f9150f5c000 r--s 0000e000 08:02 1536530                    /home/deni/.gradle/wrapper/dists/gradle-2.14.1-all/8bnwg5hd3w55iofp58khbp6yv/gradle-2.14.1/lib/plugins/gradle-ivy-2.14.1.jar
7f9150f5c000-7f9150f5d000 r--s 00002000 08:02 1536543                    /home/deni/.gradle/wrapper/dists/gradle-2.14.1-all/8bnwg5hd3w55iofp58khbp6yv/gradle-2.14.1/lib/plugins/gradle-ide-play-2.14.1.jar
7f9150f5d000-7f9150f62000 r--s 0002b000 08:02 1536545                    /home/deni/.gradle/wrapper/dists/gradle-2.14.1-all/8bnwg5hd3w55iofp58khbp6yv/gradle-2.14.1/lib/plugins/gradle-ide-native-2.14.1.jar
7f9150f62000-7f9150f6d000 r--s 00066000 08:02 1536516                    /home/deni/.gradle/wrapper/dists/gradle-2.14.1-all/8bnwg5hd3w55iofp58khbp6yv/gradle-2.14.1/lib/plugins/gradle-ide-2.14.1.jar
7f9150f6d000-7f9150f6e000 r--s 00008000 08:02 1536523                    /home/deni/.gradle/wrapper/dists/gradle-2.14.1-all/8bnwg5hd3w55iofp58khbp6yv/gradle-2.14.1/lib/plugins/gradle-ear-2.14.1.jar
7f9150f6e000-7f9150f74000 r--s 00032000 08:02 1536526                    /home/deni/.gradle/wrapper/dists/gradle-2.14.1-all/8bnwg5hd3w55iofp58khbp6yv/gradle-2.14.1/lib/plugins/gradle-diagnostics-2.14.1.jar
7f9150f74000-7f9150f78000 r--s 00021000 08:02 1536510                    /home/deni/.gradle/wrapper/dists/gradle-2.14.1-all/8bnwg5hd3w55iofp58khbp6yv/gradle-2.14.1/lib/plugins/gradle-code-quality-2.14.1.jar
7f9150f78000-7f9150f7c000 r--s 0001f000 08:02 1536532                    /home/deni/.gradle/wrapper/dists/gradle-2.14.1-all/8bnwg5hd3w55iofp58khbp6yv/gradle-2.14.1/lib/plugins/gradle-build-init-2.14.1.jar
7f9150f7c000-7f9150f83000 r--s 0008e000 08:02 1536525                    /home/deni/.gradle/wrapper/dists/gradle-2.14.1-all/8bnwg5hd3w55iofp58khbp6yv/gradle-2.14.1/lib/plugins/gradle-build-comparison-2.14.1.jar
7f9150f83000-7f9150f85000 r--s 00008000 08:02 1536512                    /home/deni/.gradle/wrapper/dists/gradle-2.14.1-all/8bnwg5hd3w55iofp58khbp6yv/gradle-2.14.1/lib/plugins/gradle-antlr-2.14.1.jar
7f9150f85000-7f9150f87000 r--s 00004000 08:02 1536517                    /home/deni/.gradle/wrapper/dists/gradle-2.14.1-all/8bnwg5hd3w55iofp58khbp6yv/gradle-2.14.1/lib/plugins/gradle-announce-2.14.1.jar
7f9150f87000-7f9150f9f000 r--s 00115000 08:02 1536644                    /home/deni/.gradle/wrapper/dists/gradle-2.14.1-all/8bnwg5hd3w55iofp58khbp6yv/gradle-2.14.1/lib/plugins/xercesImpl-2.9.1.jar
7f9150f9f000-7f9150fa7000 r--s 00028000 08:02 1536646                    /home/deni/.gradle/wrapper/dists/gradle-2.14.1-all/8bnwg5hd3w55iofp58khbp6yv/gradle-2.14.1/lib/plugins/xml-apis-1.3.04.jar
7f9150fa7000-7f9150fad000 r--s 0005b000 08:02 1536643                    /home/deni/.gradle/wrapper/dists/gradle-2.14.1-all/8bnwg5hd3w55iofp58khbp6yv/gradle-2.14.1/lib/plugins/jcifs-1.3.17.jar
7f9150fad000-7f9150fb4000 r--s 00049000 08:02 1536642                    /home/deni/.gradle/wrapper/dists/gradle-2.14.1-all/8bnwg5hd3w55iofp58khbp6yv/gradle-2.14.1/lib/plugins/httpcore-4.4.4.jar
7f9150fb4000-7f9150fba000 r--s 00033000 08:02 1536575                    /home/deni/.gradle/wrapper/dists/gradle-2.14.1-all/8bnwg5hd3w55iofp58khbp6yv/gradle-2.14.1/lib/plugins/commons-codec-1.6.jar
7f9150fba000-7f9150fbd000 r--s 0001c000 08:02 1536589                    /home/deni/.gradle/wrapper/dists/gradle-2.14.1-all/8bnwg5hd3w55iofp58khbp6yv/gradle-2.14.1/lib/plugins/nekohtml-1.9.14.jar
7f9150fbd000-7f9150fca000 r--s 000a4000 08:02 1536588                    /home/deni/.gradle/wrapper/dists/gradle-2.14.1-all/8bnwg5hd3w55iofp58khbp6yv/gradle-2.14.1/lib/plugins/httpclient-4.4.1.jar
7f9150fca000-7f9150fcc000 r--s 0000a000 08:02 1536554                    /home/deni/.gradle/wrapper/dists/gradle-2.14.1-all/8bnwg5hd3w55iofp58khbp6yv/gradle-2.14.1/lib/plugins/gradle-resources-http-2.14.1.jar
7f9150fcc000-7f9150fd0000 r--s 00014000 08:02 1536552                    /home/deni/.gradle/wrapper/dists/gradle-2.14.1-all/8bnwg5hd3w55iofp58khbp6yv/gradle-2.14.1/lib/plugins/gradle-plugin-use-2.14.1.jar
7f9150fd0000-7f9150fd1000 r--s 00000000 08:02 1483703                    /home/deni/.gradle/wrapper/dists/gradle-2.14.1-all/8bnwg5hd3w55iofp58khbp6yv/gradle-2.14.1/lib/gradle-installation-beacon-2.14.1.jar
7f9150fd1000-7f9150fd2000 r--s 00007000 08:02 1536635                    /home/deni/.gradle/wrapper/dists/gradle-2.14.1-all/8bnwg5hd3w55iofp58khbp6yv/gradle-2.14.1/lib/plugins/wagon-http-shared4-2.4.jar
7f9150fd2000-7f9150fd6000 r--s 00033000 08:02 1536634                    /home/deni/.gradle/wrapper/dists/gradle-2.14.1-all/8bnwg5hd3w55iofp58khbp6yv/gradle-2.14.1/lib/plugins/plexus-utils-2.0.6.jar
7f9150fd6000-7f9150fda000 r--s 00021000 08:02 1536632                    /home/deni/.gradle/wrapper/dists/gradle-2.14.1-all/8bnwg5hd3w55iofp58khbp6yv/gradle-2.14.1/lib/plugins/maven-model-builder-3.0.4.jar
7f9150fda000-7f9150fdb000 r--s 00002000 08:02 1536631                    /home/deni/.gradle/wrapper/dists/gradle-2.14.1-all/8bnwg5hd3w55iofp58khbp6yv/gradle-2.14.1/lib/plugins/wagon-file-2.4.jar
7f9150fdb000-7f9150fdd000 r--s 00002000 08:02 1536630                    /home/deni/.gradle/wrapper/dists/gradle-2.14.1-all/8bnwg5hd3w55iofp58khbp6yv/gradle-2.14.1/lib/plugins/plexus-cipher-1.7.jar
7f9150fdd000-7f9150fe0000 r--s 00013000 08:02 1536629                    /home/deni/.gradle/wrapper/dists/gradle-2.14.1-all/8bnwg5hd3w55iofp58khbp6yv/gradle-2.14.1/lib/plugins/aether-api-1.13.1.jar
7f9150fe0000-7f9150fe2000 r--s 0000a000 08:02 1536628                    /home/deni/.gradle/wrapper/dists/gradle-2.14.1-all/8bnwg5hd3w55iofp58khbp6yv/gradle-2.14.1/lib/plugins/maven-settings-3.0.4.jar
7f9150fe2000-7f9150fe4000 r--s 0000d000 08:02 1536627                    /home/deni/.gradle/wrapper/dists/gradle-2.14.1-all/8bnwg5hd3w55iofp58khbp6yv/gradle-2.14.1/lib/plugins/plexus-interpolation-1.14.jar
7f9150fe4000-7f9150fe6000 r--s 0000b000 08:02 1536626                    /home/deni/.gradle/wrapper/dists/gradle-2.14.1-all/8bnwg5hd3w55iofp58khbp6yv/gradle-2.14.1/lib/plugins/maven-artifact-3.0.4.jar
7f9150fe6000-7f9150fed000 r--s 0002e000 08:02 1536625                    /home/deni/.gradle/wrapper/dists/gradle-2.14.1-all/8bnwg5hd3w55iofp58khbp6yv/gradle-2.14.1/lib/plugins/plexus-container-default-1.5.5.jar
7f9150fed000-7f9150fef000 r--s 0000b000 08:02 1536624                    /home/deni/.gradle/wrapper/dists/gradle-2.14.1-all/8bnwg5hd3w55iofp58khbp6yv/gradle-2.14.1/lib/plugins/maven-plugin-api-3.0.4.jar
7f9150fef000-7f9150ff1000 r--s 00000000 08:02 1536647                    /home/deni/.gradle/wrapper/dists/gradle-2.14.1-all/8bnwg5hd3w55iofp58khbp6yv/gradle-2.14.1/lib/plugins/plexus-component-annotations-1.5.5.jar
7f9150ff1000-7f9150ff7000 r--s 0003f000 08:02 1536623                    /home/deni/.gradle/wrapper/dists/gradle-2.14.1-all/8bnwg5hd3w55iofp58khbp6yv/gradle-2.14.1/lib/plugins/maven-compat-3.0.4.jar
7f9150ff7000-7f9150ffa000 r--s 00008000 08:02 1536621                    /home/deni/.gradle/wrapper/dists/gradle-2.14.1-all/8bnwg5hd3w55iofp58khbp6yv/gradle-2.14.1/lib/plugins/maven-settings-builder-3.0.4.jar
7f9150ffa000-7f9150ffb000 r--s 00002000 08:02 1536620                    /home/deni/.gradle/wrapper/dists/gradle-2.14.1-all/8bnwg5hd3w55iofp58khbp6yv/gradle-2.14.1/lib/plugins/wagon-http-2.4.jar
7f9150ffb000-7f9150ffd000 r--s 00026000 08:02 1536619                    /home/deni/.gradle/wrapper/dists/gradle-2.14.1-all/8bnwg5hd3w55iofp58khbp6yv/gradle-2.14.1/lib/plugins/maven-model-3.0.4.jar
7f9150ffd000-7f9150fff000 r--s 00006000 08:02 1536618                    /home/deni/.gradle/wrapper/dists/gradle-2.14.1-all/8bnwg5hd3w55iofp58khbp6yv/gradle-2.14.1/lib/plugins/aether-connector-wagon-1.13.1.jar
7f9150fff000-7f9151001000 r--s 0000a000 08:02 1536617                    /home/deni/.gradle/wrapper/dists/gradle-2.14.1-all/8bnwg5hd3w55iofp58khbp6yv/gradle-2.14.1/lib/plugins/plexus-classworlds-2.4.jar
7f9151001000-7f9151003000 r--s 00006000 08:02 1536616                    /home/deni/.gradle/wrapper/dists/gradle-2.14.1-all/8bnwg5hd3w55iofp58khbp6yv/gradle-2.14.1/lib/plugins/maven-repository-metadata-3.0.4.jar
7f9151003000-7f9151005000 r--s 0000c000 08:02 1536615                    /home/deni/.gradle/wrapper/dists/gradle-2.14.1-all/8bnwg5hd3w55iofp58khbp6yv/gradle-2.14.1/lib/plugins/maven-aether-provider-3.0.4.jar
7f9151005000-7f9151007000 r--s 0000b000 08:02 1536614                    /home/deni/.gradle/wrapper/dists/gradle-2.14.1-all/8bnwg5hd3w55iofp58khbp6yv/gradle-2.14.1/lib/plugins/wagon-provider-api-2.4.jar
7f9151007000-7f9151008000 r--s 00003000 08:02 1536612                    /home/deni/.gradle/wrapper/dists/gradle-2.14.1-all/8bnwg5hd3w55iofp58khbp6yv/gradle-2.14.1/lib/plugins/aether-spi-1.13.1.jar
7f9151008000-7f915100c000 r--s 0001c000 08:02 1536611                    /home/deni/.gradle/wrapper/dists/gradle-2.14.1-all/8bnwg5hd3w55iofp58khbp6yv/gradle-2.14.1/lib/plugins/aether-util-1.13.1.jar
7f915100c000-7f915100f000 r--s 0001d000 08:02 1536609                    /home/deni/.gradle/wrapper/dists/gradle-2.14.1-all/8bnwg5hd3w55iofp58khbp6yv/gradle-2.14.1/lib/plugins/aether-impl-1.13.1.jar
7f915100f000-7f9151014000 r--s 00040000 08:02 1536590                    /home/deni/.gradle/wrapper/dists/gradle-2.14.1-all/8bnwg5hd3w55iofp58khbp6yv/gradle-2.14.1/lib/plugins/jsch-0.1.53.jar
7f9151014000-7f9151054000 r--s 00277000 08:02 1536601                    /home/deni/.gradle/wrapper/dists/gradle-2.14.1-all/8bnwg5hd3w55iofp58khbp6yv/gradle-2.14.1/lib/plugins/bcprov-jdk15on-1.51.jar
7f9151054000-7f9151058000 r--s 0001d000 08:02 1536600                    /home/deni/.gradle/wrapper/dists/gradle-2.14.1-all/8bnwg5hd3w55iofp58khbp6yv/gradle-2.14.1/lib/plugins/xbean-reflect-3.4.jar
7f9151058000-7f9151064000 r--s 0007d000 08:02 1536571                    /home/deni/.gradle/wrapper/dists/gradle-2.14.1-all/8bnwg5hd3w55iofp58khbp6yv/gradle-2.14.1/lib/plugins/maven-core-3.0.4.jar
7f9151064000-7f915107a000 r-xp 00000000 08:02 1320344                    /usr/lib/libgcc_s.so.1
7f915107a000-7f9151279000 ---p 00016000 08:02 1320344                    /usr/lib/libgcc_s.so.1
7f9151279000-7f915127a000 r--p 00015000 08:02 1320344                    /usr/lib/libgcc_s.so.1
7f915127a000-7f915127b000 rw-p 00016000 08:02 1320344                    /usr/lib/libgcc_s.so.1
7f915127b000-7f91513f3000 r-xp 00000000 08:02 1316074                    /usr/lib/libstdc++.so.6.0.24
7f91513f3000-7f91515f2000 ---p 00178000 08:02 1316074                    /usr/lib/libstdc++.so.6.0.24
7f91515f2000-7f91515fe000 r--p 00177000 08:02 1316074                    /usr/lib/libstdc++.so.6.0.24
7f91515fe000-7f91515ff000 rw-p 00183000 08:02 1316074                    /usr/lib/libstdc++.so.6.0.24
7f91515ff000-7f9151602000 rw-p 00000000 00:00 0 
7f9151602000-7f9151603000 r--s 00006000 08:02 1536608                    /home/deni/.gradle/wrapper/dists/gradle-2.14.1-all/8bnwg5hd3w55iofp58khbp6yv/gradle-2.14.1/lib/plugins/plexus-sec-dispatcher-1.3.jar
7f9151603000-7f9151608000 r--s 0002a000 08:02 1536581                    /home/deni/.gradle/wrapper/dists/gradle-2.14.1-all/8bnwg5hd3w55iofp58khbp6yv/gradle-2.14.1/lib/plugins/gson-2.2.4.jar
7f9151608000-7f9151617000 r--s 000d9000 08:02 1536599                    /home/deni/.gradle/wrapper/dists/gradle-2.14.1-all/8bnwg5hd3w55iofp58khbp6yv/gradle-2.14.1/lib/plugins/ivy-2.2.0.jar
7f9151617000-7f9151633000 r--s 000d3000 08:02 1536559                    /home/deni/.gradle/wrapper/dists/gradle-2.14.1-all/8bnwg5hd3w55iofp58khbp6yv/gradle-2.14.1/lib/plugins/gradle-dependency-management-2.14.1.jar
7f9151633000-7f9151637000 r-xp 00000000 08:02 1552664                    /home/deni/.gradle/native/19/linux-amd64/libnative-platform.so
7f9151637000-7f9151836000 ---p 00004000 08:02 1552664                    /home/deni/.gradle/native/19/linux-amd64/libnative-platform.so
7f9151836000-7f9151837000 rw-p 00003000 08:02 1552664                    /home/deni/.gradle/native/19/linux-amd64/libnative-platform.so
7f9151837000-7f9151848000 r-xp 00000000 08:02 1625472                    /home/deni/android-studio/jre/jre/lib/amd64/libnio.so
7f9151848000-7f9151a47000 ---p 00011000 08:02 1625472                    /home/deni/android-studio/jre/jre/lib/amd64/libnio.so
7f9151a47000-7f9151a48000 r--p 00010000 08:02 1625472                    /home/deni/android-studio/jre/jre/lib/amd64/libnio.so
7f9151a48000-7f9151a49000 rw-p 00011000 08:02 1625472                    /home/deni/android-studio/jre/jre/lib/amd64/libnio.so
7f9151a49000-7f9151a5f000 r-xp 00000000 08:02 1625452                    /home/deni/android-studio/jre/jre/lib/amd64/libnet.so
7f9151a5f000-7f9151c5f000 ---p 00016000 08:02 1625452                    /home/deni/android-studio/jre/jre/lib/amd64/libnet.so
7f9151c5f000-7f9151c60000 r--p 00016000 08:02 1625452                    /home/deni/android-studio/jre/jre/lib/amd64/libnet.so
7f9151c60000-7f9151c61000 rw-p 00017000 08:02 1625452                    /home/deni/android-studio/jre/jre/lib/amd64/libnet.so
7f9151c61000-7f9151c63000 r--s 00005000 08:02 1483702                    /home/deni/.gradle/wrapper/dists/gradle-2.14.1-all/8bnwg5hd3w55iofp58khbp6yv/gradle-2.14.1/lib/gradle-wrapper-2.14.1.jar
7f9151c63000-7f9151c71000 r--s 0004f000 08:02 1483722                    /home/deni/.gradle/wrapper/dists/gradle-2.14.1-all/8bnwg5hd3w55iofp58khbp6yv/gradle-2.14.1/lib/gradle-tooling-api-2.14.1.jar
7f9151c71000-7f9151c73000 r--s 00002000 08:02 1536481                    /home/deni/.gradle/wrapper/dists/gradle-2.14.1-all/8bnwg5hd3w55iofp58khbp6yv/gradle-2.14.1/lib/gradle-open-api-2.14.1.jar
7f9151c73000-7f9151c79000 r--s 00032000 08:02 1536483                    /home/deni/.gradle/wrapper/dists/gradle-2.14.1-all/8bnwg5hd3w55iofp58khbp6yv/gradle-2.14.1/lib/jaxen-1.1.jar
7f9151c79000-7f9151c7e000 r--s 00048000 08:02 1536482                    /home/deni/.gradle/wrapper/dists/gradle-2.14.1-all/8bnwg5hd3w55iofp58khbp6yv/gradle-2.14.1/lib/dom4j-1.6.1.jar
7f9151c7e000-7f9151c89000 r--s 00059000 08:02 1483721                    /home/deni/.gradle/wrapper/dists/gradle-2.14.1-all/8bnwg5hd3w55iofp58khbp6yv/gradle-2.14.1/lib/gradle-ui-2.14.1.jar
7f9151c89000-7f9151c8c000 r--s 0000b000 08:02 1536479                    /home/deni/.gradle/wrapper/dists/gradle-2.14.1-all/8bnwg5hd3w55iofp58khbp6yv/gradle-2.14.1/lib/gradle-resources-2.14.1.jar
7f9151c8c000-7f9151c8e000 r--s 00003000 08:02 1536494                    /home/deni/.gradle/wrapper/dists/gradle-2.14.1-all/8bnwg5hd3w55iofp58khbp6yv/gradle-2.14.1/lib/jcl-over-slf4j-1.7.10.jar
7f9151c8e000-7f9151cfd000 r--s 0063e000 08:02 1535975                    /home/deni/.gradle/wrapper/dists/gradle-2.14.1-all/8bnwg5hd3w55iofp58khbp6yv/gradle-2.14.1/lib/groovy-all-2.4.4.jar
7f9151cfd000-7f9151cfe000 ---p 00000000 00:00 0 
7f9151cfe000-7f9151dfe000 rw-p 00000000 00:00 0 
7f9151dfe000-7f9151e01000 ---p 00000000 00:00 0 
7f9151e01000-7f9151eff000 rw-p 00000000 00:00 0 
7f9151eff000-7f9151f00000 ---p 00000000 00:00 0 
7f9151f00000-7f9151f03000 ---p 00000000 00:00 0 
7f9151f03000-7f9154000000 rw-p 00000000 00:00 0 
7f9154000000-7f915402a000 rw-p 00000000 00:00 0 
7f915402a000-7f9158000000 ---p 00000000 00:00 0 
7f9158000000-7f9158001000 r--s 00005000 08:02 1536492                    /home/deni/.gradle/wrapper/dists/gradle-2.14.1-all/8bnwg5hd3w55iofp58khbp6yv/gradle-2.14.1/lib/log4j-over-slf4j-1.7.10.jar
7f9158001000-7f9158003000 r--s 00000000 08:02 1536491                    /home/deni/.gradle/wrapper/dists/gradle-2.14.1-all/8bnwg5hd3w55iofp58khbp6yv/gradle-2.14.1/lib/jul-to-slf4j-1.7.10.jar
7f9158003000-7f9158008000 r--s 0001c000 08:02 1536478                    /home/deni/.gradle/wrapper/dists/gradle-2.14.1-all/8bnwg5hd3w55iofp58khbp6yv/gradle-2.14.1/lib/gradle-logging-2.14.1.jar
7f9158008000-7f915800a000 r--s 00007000 08:02 1536507                    /home/deni/.gradle/wrapper/dists/gradle-2.14.1-all/8bnwg5hd3w55iofp58khbp6yv/gradle-2.14.1/lib/objenesis-1.2.jar
7f915800a000-7f915800c000 r--s 00000000 08:02 1536506                    /home/deni/.gradle/wrapper/dists/gradle-2.14.1-all/8bnwg5hd3w55iofp58khbp6yv/gradle-2.14.1/lib/minlog-1.2.jar
7f915800c000-7f915800e000 r--s 0000f000 08:02 1536505                    /home/deni/.gradle/wrapper/dists/gradle-2.14.1-all/8bnwg5hd3w55iofp58khbp6yv/gradle-2.14.1/lib/reflectasm-1.07-shaded.jar
7f915800e000-7f9158012000 r--s 00026000 08:02 1536489                    /home/deni/.gradle/wrapper/dists/gradle-2.14.1-all/8bnwg5hd3w55iofp58khbp6yv/gradle-2.14.1/lib/kryo-2.20.jar
7f9158012000-7f9158018000 r--s 00025000 08:02 1536477                    /home/deni/.gradle/wrapper/dists/gradle-2.14.1-all/8bnwg5hd3w55iofp58khbp6yv/gradle-2.14.1/lib/gradle-messaging-2.14.1.jar
7f9158018000-7f9158019000 r--s 00003000 08:02 1536504                    /home/deni/.gradle/wrapper/dists/gradle-2.14.1-all/8bnwg5hd3w55iofp58khbp6yv/gradle-2.14.1/lib/native-platform-freebsd-amd64-0.10.jar
7f9158019000-7f915801a000 r--s 00003000 08:02 1536503                    /home/deni/.gradle/wrapper/dists/gradle-2.14.1-all/8bnwg5hd3w55iofp58khbp6yv/gradle-2.14.1/lib/native-platform-freebsd-i386-0.10.jar
7f915801a000-7f915801b000 r--s 00005000 08:02 1536502                    /home/deni/.gradle/wrapper/dists/gradle-2.14.1-all/8bnwg5hd3w55iofp58khbp6yv/gradle-2.14.1/lib/native-platform-windows-i386-0.10.jar
7f915801b000-7f915801c000 r--s 00005000 08:02 1536501                    /home/deni/.gradle/wrapper/dists/gradle-2.14.1-all/8bnwg5hd3w55iofp58khbp6yv/gradle-2.14.1/lib/native-platform-windows-amd64-0.10.jar
7f915801c000-7f915801d000 r--s 00003000 08:02 1536499                    /home/deni/.gradle/wrapper/dists/gradle-2.14.1-all/8bnwg5hd3w55iofp58khbp6yv/gradle-2.14.1/lib/native-platform-linux-i386-0.10.jar
7f915801d000-7f915801e000 r--s 00003000 08:02 1536498                    /home/deni/.gradle/wrapper/dists/gradle-2.14.1-all/8bnwg5hd3w55iofp58khbp6yv/gradle-2.14.1/lib/native-platform-linux-amd64-0.10.jar
7f915801e000-7f915801f000 r--s 00002000 08:02 1536496                    /home/deni/.gradle/wrapper/dists/gradle-2.14.1-all/8bnwg5hd3w55iofp58khbp6yv/gradle-2.14.1/lib/native-platform-osx-amd64-0.10.jar
7f915801f000-7f9158020000 r--s 00002000 08:02 1536495                    /home/deni/.gradle/wrapper/dists/gradle-2.14.1-all/8bnwg5hd3w55iofp58khbp6yv/gradle-2.14.1/lib/native-platform-osx-i386-0.10.jar
7f9158020000-7f9158022000 r--s 00008000 08:02 1536486                    /home/deni/.gradle/wrapper/dists/gradle-2.14.1-all/8bnwg5hd3w55iofp58khbp6yv/gradle-2.14.1/lib/jansi-1.2.1.jar
7f9158022000-7f9158025000 r--s 0000d000 08:02 1536485                    /home/deni/.gradle/wrapper/dists/gradle-2.14.1-all/8bnwg5hd3w55iofp58khbp6yv/gradle-2.14.1/lib/native-platform-0.10.jar
7f9158025000-7f9158029000 r--s 000e4000 08:02 1536484                    /home/deni/.gradle/wrapper/dists/gradle-2.14.1-all/8bnwg5hd3w55iofp58khbp6yv/gradle-2.14.1/lib/jna-3.2.7.jar
7f9158029000-7f915802b000 r--s 00009000 08:02 1483723                    /home/deni/.gradle/wrapper/dists/gradle-2.14.1-all/8bnwg5hd3w55iofp58khbp6yv/gradle-2.14.1/lib/gradle-native-2.14.1.jar
7f915802b000-7f915802d000 r--s 00005000 08:02 1483720                    /home/deni/.gradle/wrapper/dists/gradle-2.14.1-all/8bnwg5hd3w55iofp58khbp6yv/gradle-2.14.1/lib/gradle-cli-2.14.1.jar
7f915802d000-7f915802f000 r--s 00007000 08:02 1536417                    /home/deni/.gradle/wrapper/dists/gradle-2.14.1-all/8bnwg5hd3w55iofp58khbp6yv/gradle-2.14.1/lib/gradle-model-groovy-2.14.1.jar
7f915802f000-7f9158030000 r--s 00006000 08:02 1536476                    /home/deni/.gradle/wrapper/dists/gradle-2.14.1-all/8bnwg5hd3w55iofp58khbp6yv/gradle-2.14.1/lib/gradle-base-services-groovy-2.14.1.jar
7f9158030000-7f915803f000 r--s 00080000 08:02 1536140                    /home/deni/.gradle/wrapper/dists/gradle-2.14.1-all/8bnwg5hd3w55iofp58khbp6yv/gradle-2.14.1/lib/gradle-model-core-2.14.1.jar
7f915803f000-7f9158040000 r--s 00002000 08:02 1536480                    /home/deni/.gradle/wrapper/dists/gradle-2.14.1-all/8bnwg5hd3w55iofp58khbp6yv/gradle-2.14.1/lib/gradle-docs-2.14.1.jar
7f9158040000-7f9158044000 r--s 00027000 08:02 1536471                    /home/deni/.gradle/wrapper/dists/gradle-2.14.1-all/8bnwg5hd3w55iofp58khbp6yv/gradle-2.14.1/lib/commons-io-2.2.jar
7f9158044000-7f9158051000 r--s 00083000 08:02 1536470                    /home/deni/.gradle/wrapper/dists/gradle-2.14.1-all/8bnwg5hd3w55iofp58khbp6yv/gradle-2.14.1/lib/commons-collections-3.2.2.jar
7f9158051000-7f9158056000 r--s 00038000 08:02 1536464                    /home/deni/.gradle/wrapper/dists/gradle-2.14.1-all/8bnwg5hd3w55iofp58khbp6yv/gradle-2.14.1/lib/asm-all-5.1.jar
7f9158056000-7f9158057000 ---p 00000000 00:00 0 
7f9158057000-7f915805a000 ---p 00000000 00:00 0 
7f915805a000-7f9158157000 rw-p 00000000 00:00 0 
7f9158157000-7f915815a000 ---p 00000000 00:00 0 
7f915815a000-7f9158258000 rw-p 00000000 00:00 0 
7f9158258000-7f91583f4000 r--p 00000000 08:02 1320340                    /usr/lib/locale/locale-archive
7f91583f4000-7f91583f7000 ---p 00000000 00:00 0 
7f91583f7000-7f91584f5000 rw-p 00000000 00:00 0 
7f91584f5000-7f91584f8000 ---p 00000000 00:00 0 
7f91584f8000-7f91585f6000 rw-p 00000000 00:00 0 
7f91585f6000-7f91585f7000 ---p 00000000 00:00 0 
7f91585f7000-7f9159000000 rw-p 00000000 00:00 0 
7f9159000000-7f9159b70000 rwxp 00000000 00:00 0 
7f9159b70000-7f9168000000 ---p 00000000 00:00 0 
7f9168000000-7f9168b9e000 rw-p 00000000 00:00 0 
7f9168b9e000-7f916c000000 ---p 00000000 00:00 0 
7f916c000000-7f916c001000 r--s 00000000 08:02 1536475                    /home/deni/.gradle/wrapper/dists/gradle-2.14.1-all/8bnwg5hd3w55iofp58khbp6yv/gradle-2.14.1/lib/javax.inject-1.jar
7f916c001000-7f916c002000 r--s 00000000 08:02 1536473                    /home/deni/.gradle/wrapper/dists/gradle-2.14.1-all/8bnwg5hd3w55iofp58khbp6yv/gradle-2.14.1/lib/jcip-annotations-1.0.jar
7f916c002000-7f916c007000 r--s 00041000 08:02 1532274                    /home/deni/.gradle/wrapper/dists/gradle-2.14.1-all/8bnwg5hd3w55iofp58khbp6yv/gradle-2.14.1/lib/commons-lang-2.6.jar
7f916c007000-7f916c02f000 r--s 001cf000 08:02 1483725                    /home/deni/.gradle/wrapper/dists/gradle-2.14.1-all/8bnwg5hd3w55iofp58khbp6yv/gradle-2.14.1/lib/guava-jdk5-17.0.jar
7f916c02f000-7f916c04e000 r--s 001d1000 08:02 1536467                    /home/deni/.gradle/wrapper/dists/gradle-2.14.1-all/8bnwg5hd3w55iofp58khbp6yv/gradle-2.14.1/lib/ant-1.9.6.jar
7f916c04e000-7f916c085000 r--s 001bd000 08:02 1483719                    /home/deni/.gradle/wrapper/dists/gradle-2.14.1-all/8bnwg5hd3w55iofp58khbp6yv/gradle-2.14.1/lib/gradle-core-2.14.1.jar
7f916c085000-7f916c0f4000 rw-p 00000000 00:00 0 
7f916c0f4000-7f916c2c4000 r--s 03c46000 08:02 1625487                    /home/deni/android-studio/jre/jre/lib/rt.jar
7f916c2c4000-7f916cd3a000 rw-p 00000000 00:00 0 
7f916cd3a000-7f916cd3b000 ---p 00000000 00:00 0 
7f916cd3b000-7f916ce3b000 rw-p 00000000 00:00 0 
7f916ce3b000-7f916ce3c000 ---p 00000000 00:00 0 
7f916ce3c000-7f916cf4d000 rw-p 00000000 00:00 0 
7f916cf4d000-7f916d092000 ---p 00000000 00:00 0 
7f916d092000-7f916d0a3000 rw-p 00000000 00:00 0 
7f916d0a3000-7f916d1e7000 ---p 00000000 00:00 0 
7f916d1e7000-7f916d22a000 rw-p 00000000 00:00 0 
7f916d22a000-7f916d292000 ---p 00000000 00:00 0 
7f916d292000-7f916d2c1000 rw-p 00000000 00:00 0 
7f916d2c1000-7f916d653000 ---p 00000000 00:00 0 
7f916d653000-7f916d66d000 r-xp 00000000 08:02 1625448                    /home/deni/android-studio/jre/jre/lib/amd64/libzip.so
7f916d66d000-7f916d86d000 ---p 0001a000 08:02 1625448                    /home/deni/android-studio/jre/jre/lib/amd64/libzip.so
7f916d86d000-7f916d86e000 r--p 0001a000 08:02 1625448                    /home/deni/android-studio/jre/jre/lib/amd64/libzip.so
7f916d86e000-7f916d86f000 rw-p 0001b000 08:02 1625448                    /home/deni/android-studio/jre/jre/lib/amd64/libzip.so
7f916d86f000-7f916d87a000 r-xp 00000000 08:02 1312653                    /usr/lib/libnss_files-2.27.so
7f916d87a000-7f916da79000 ---p 0000b000 08:02 1312653                    /usr/lib/libnss_files-2.27.so
7f916da79000-7f916da7a000 r--p 0000a000 08:02 1312653                    /usr/lib/libnss_files-2.27.so
7f916da7a000-7f916da7b000 rw-p 0000b000 08:02 1312653                    /usr/lib/libnss_files-2.27.so
7f916da7b000-7f916da81000 rw-p 00000000 00:00 0 
7f916da81000-7f916daae000 r-xp 00000000 08:02 1625456                    /home/deni/android-studio/jre/jre/lib/amd64/libjava.so
7f916daae000-7f916dcad000 ---p 0002d000 08:02 1625456                    /home/deni/android-studio/jre/jre/lib/amd64/libjava.so
7f916dcad000-7f916dcae000 r--p 0002c000 08:02 1625456                    /home/deni/android-studio/jre/jre/lib/amd64/libjava.so
7f916dcae000-7f916dcb0000 rw-p 0002d000 08:02 1625456                    /home/deni/android-studio/jre/jre/lib/amd64/libjava.so
7f916dcb0000-7f916dcc0000 r-xp 00000000 08:02 1625444                    /home/deni/android-studio/jre/jre/lib/amd64/libverify.so
7f916dcc0000-7f916debf000 ---p 00010000 08:02 1625444                    /home/deni/android-studio/jre/jre/lib/amd64/libverify.so
7f916debf000-7f916dec1000 r--p 0000f000 08:02 1625444                    /home/deni/android-studio/jre/jre/lib/amd64/libverify.so
7f916dec1000-7f916dec2000 rw-p 00011000 08:02 1625444                    /home/deni/android-studio/jre/jre/lib/amd64/libverify.so
7f916dec2000-7f916dec9000 r-xp 00000000 08:02 1312566                    /usr/lib/librt-2.27.so
7f916dec9000-7f916e0c8000 ---p 00007000 08:02 1312566                    /usr/lib/librt-2.27.so
7f916e0c8000-7f916e0c9000 r--p 00006000 08:02 1312566                    /usr/lib/librt-2.27.so
7f916e0c9000-7f916e0ca000 rw-p 00007000 08:02 1312566                    /usr/lib/librt-2.27.so
7f916e0ca000-7f916e25d000 r-xp 00000000 08:02 1312455                    /usr/lib/libm-2.27.so
7f916e25d000-7f916e45c000 ---p 00193000 08:02 1312455                    /usr/lib/libm-2.27.so
7f916e45c000-7f916e45d000 r--p 00192000 08:02 1312455                    /usr/lib/libm-2.27.so
7f916e45d000-7f916e45e000 rw-p 00193000 08:02 1312455                    /usr/lib/libm-2.27.so
7f916e45e000-7f916f05a000 r-xp 00000000 08:02 1625465                    /home/deni/android-studio/jre/jre/lib/amd64/server/libjvm.so
7f916f05a000-7f916f25a000 ---p 00bfc000 08:02 1625465                    /home/deni/android-studio/jre/jre/lib/amd64/server/libjvm.so
7f916f25a000-7f916f2fa000 r--p 00bfc000 08:02 1625465                    /home/deni/android-studio/jre/jre/lib/amd64/server/libjvm.so
7f916f2fa000-7f916f323000 rw-p 00c9c000 08:02 1625465                    /home/deni/android-studio/jre/jre/lib/amd64/server/libjvm.so
7f916f323000-7f916f367000 rw-p 00000000 00:00 0 
7f916f367000-7f916f380000 r-xp 00000000 08:02 1313466                    /usr/lib/libpthread-2.27.so
7f916f380000-7f916f57f000 ---p 00019000 08:02 1313466                    /usr/lib/libpthread-2.27.so
7f916f57f000-7f916f580000 r--p 00018000 08:02 1313466                    /usr/lib/libpthread-2.27.so
7f916f580000-7f916f581000 rw-p 00019000 08:02 1313466                    /usr/lib/libpthread-2.27.so
7f916f581000-7f916f585000 rw-p 00000000 00:00 0 
7f916f585000-7f916f588000 r-xp 00000000 08:02 1312456                    /usr/lib/libdl-2.27.so
7f916f588000-7f916f787000 ---p 00003000 08:02 1312456                    /usr/lib/libdl-2.27.so
7f916f787000-7f916f788000 r--p 00002000 08:02 1312456                    /usr/lib/libdl-2.27.so
7f916f788000-7f916f789000 rw-p 00003000 08:02 1312456                    /usr/lib/libdl-2.27.so
7f916f789000-7f916f93a000 r-xp 00000000 08:02 1313405                    /usr/lib/libc-2.27.so
7f916f93a000-7f916fb3a000 ---p 001b1000 08:02 1313405                    /usr/lib/libc-2.27.so
7f916fb3a000-7f916fb3e000 r--p 001b1000 08:02 1313405                    /usr/lib/libc-2.27.so
7f916fb3e000-7f916fb40000 rw-p 001b5000 08:02 1313405                    /usr/lib/libc-2.27.so
7f916fb40000-7f916fb44000 rw-p 00000000 00:00 0 
7f916fb44000-7f916fb5a000 r-xp 00000000 08:02 1625359                    /home/deni/android-studio/jre/lib/amd64/jli/libjli.so
7f916fb5a000-7f916fd59000 ---p 00016000 08:02 1625359                    /home/deni/android-studio/jre/lib/amd64/jli/libjli.so
7f916fd59000-7f916fd5a000 r--p 00015000 08:02 1625359                    /home/deni/android-studio/jre/lib/amd64/jli/libjli.so
7f916fd5a000-7f916fd5b000 rw-p 00016000 08:02 1625359                    /home/deni/android-studio/jre/lib/amd64/jli/libjli.so
7f916fd5b000-7f916fd80000 r-xp 00000000 08:02 1313407                    /usr/lib/ld-2.27.so
7f916fd80000-7f916fd81000 r--s 00001000 08:02 1534553                    /home/deni/.gradle/wrapper/dists/gradle-2.14.1-all/8bnwg5hd3w55iofp58khbp6yv/gradle-2.14.1/lib/gradle-process-services-2.14.1.jar
7f916fd81000-7f916fd82000 r--s 00000000 08:02 1483718                    /home/deni/.gradle/wrapper/dists/gradle-2.14.1-all/8bnwg5hd3w55iofp58khbp6yv/gradle-2.14.1/lib/gradle-jvm-services-2.14.1.jar
7f916fd82000-7f916fd83000 r--s 00007000 08:02 1483724                    /home/deni/.gradle/wrapper/dists/gradle-2.14.1-all/8bnwg5hd3w55iofp58khbp6yv/gradle-2.14.1/lib/slf4j-api-1.7.10.jar
7f916fd83000-7f916fd84000 r--s 00004000 08:02 1536488                    /home/deni/.gradle/wrapper/dists/gradle-2.14.1-all/8bnwg5hd3w55iofp58khbp6yv/gradle-2.14.1/lib/ant-launcher-1.9.6.jar
7f916fd84000-7f916fe49000 rw-p 00000000 00:00 0 
7f916fe49000-7f916fe4a000 ---p 00000000 00:00 0 
7f916fe4a000-7f916fe4d000 ---p 00000000 00:00 0 
7f916fe4d000-7f916ff4c000 rw-p 00000000 00:00 0 
7f916ff4c000-7f916ff54000 r--s 0003a000 08:02 1483717                    /home/deni/.gradle/wrapper/dists/gradle-2.14.1-all/8bnwg5hd3w55iofp58khbp6yv/gradle-2.14.1/lib/gradle-base-services-2.14.1.jar
7f916ff54000-7f916ff5f000 r--s 00051000 08:02 1483701                    /home/deni/.gradle/wrapper/dists/gradle-2.14.1-all/8bnwg5hd3w55iofp58khbp6yv/gradle-2.14.1/lib/gradle-launcher-2.14.1.jar
7f916ff5f000-7f916ff73000 rw-p 00000000 00:00 0 
7f916ff73000-7f916ff7b000 rw-s 00000000 00:27 57                         /tmp/hsperfdata_deni/13858
7f916ff7b000-7f916ff7c000 rw-p 00000000 00:00 0 
7f916ff7c000-7f916ff7d000 ---p 00000000 00:00 0 
7f916ff7d000-7f916ff7f000 rw-p 00000000 00:00 0 
7f916ff7f000-7f916ff80000 r--p 00024000 08:02 1313407                    /usr/lib/ld-2.27.so
7f916ff80000-7f916ff81000 rw-p 00025000 08:02 1313407                    /usr/lib/ld-2.27.so
7f916ff81000-7f916ff82000 rw-p 00000000 00:00 0 
7ffdac536000-7ffdac557000 rw-p 00000000 00:00 0                          [stack]
7ffdac5de000-7ffdac5e1000 r--p 00000000 00:00 0                          [vvar]
7ffdac5e1000-7ffdac5e3000 r-xp 00000000 00:00 0                          [vdso]
ffffffffff600000-ffffffffff601000 r-xp 00000000 00:00 0                  [vsyscall]

VM Arguments:
jvm_args: -XX:MaxPermSize=256m -XX:+HeapDumpOnOutOfMemoryError -Xmx1024m -Dfile.encoding=UTF-8 -Duser.country=US -Duser.language=en -Duser.variant 
java_command: org.gradle.launcher.daemon.bootstrap.GradleDaemon 2.14.1
java_class_path (initial): /home/deni/.gradle/wrapper/dists/gradle-2.14.1-all/8bnwg5hd3w55iofp58khbp6yv/gradle-2.14.1/lib/gradle-launcher-2.14.1.jar
Launcher Type: SUN_STANDARD

Environment Variables:
PATH=/usr/local/bin:/usr/bin:/bin:/usr/local/sbin:/opt/android-sdk/tools:/opt/android-sdk/tools/bin:/usr/lib/jvm/default/bin:/usr/bin/site_perl:/usr/bin/vendor_perl:/usr/bin/core_perl
SHELL=/bin/bash
DISPLAY=:0.0

Signal Handlers:
SIGSEGV: [libjvm.so+0x9edb30], sa_mask[0]=11111111011111111101111111111110, sa_flags=SA_RESTART|SA_SIGINFO
SIGBUS: [libjvm.so+0x9edb30], sa_mask[0]=11111111011111111101111111111110, sa_flags=SA_RESTART|SA_SIGINFO
SIGFPE: [libjvm.so+0x84e800], sa_mask[0]=11111111011111111101111111111110, sa_flags=SA_RESTART|SA_SIGINFO
SIGPIPE: [libjvm.so+0x84e800], sa_mask[0]=11111111011111111101111111111110, sa_flags=SA_RESTART|SA_SIGINFO
SIGXFSZ: [libjvm.so+0x84e800], sa_mask[0]=11111111011111111101111111111110, sa_flags=SA_RESTART|SA_SIGINFO
SIGILL: [libjvm.so+0x84e800], sa_mask[0]=11111111011111111101111111111110, sa_flags=SA_RESTART|SA_SIGINFO
SIGUSR1: SIG_DFL, sa_mask[0]=00000000000000000000000000000000, sa_flags=none
SIGUSR2: [libjvm.so+0x84e6d0], sa_mask[0]=00100000000000000000000000000000, sa_flags=SA_RESTART|SA_SIGINFO
SIGHUP: [libjvm.so+0x84e8c0], sa_mask[0]=11111111011111111101111111111110, sa_flags=SA_RESTART|SA_SIGINFO
SIGINT: [libjvm.so+0x84e8c0], sa_mask[0]=11111111011111111101111111111110, sa_flags=SA_RESTART|SA_SIGINFO
SIGTERM: [libjvm.so+0x84e8c0], sa_mask[0]=11111111011111111101111111111110, sa_flags=SA_RESTART|SA_SIGINFO
SIGQUIT: [libjvm.so+0x84e8c0], sa_mask[0]=11111111011111111101111111111110, sa_flags=SA_RESTART|SA_SIGINFO


---------------  S Y S T E M  ---------------

OS:DISTRIB_ID=ManjaroLinux
DISTRIB_RELEASE=17.1.10
DISTRIB_CODENAME=Hakoila
DISTRIB_DESCRIPTION="Manjaro Linux"

uname:Linux 4.14.39-1-MANJARO #1 SMP PREEMPT Wed May 2 19:03:39 UTC 2018 x86_64
libc:glibc 2.27 NPTL 2.27 
rlimit: STACK 8192k, CORE infinity, NPROC 15101, NOFILE 4096, AS infinity
load average:4,66 2,34 1,50

/proc/meminfo:
MemTotal:        3879660 kB
MemFree:          105136 kB
MemAvailable:      16400 kB
Buffers:            1260 kB
Cached:           506964 kB
SwapCached:            0 kB
Active:          3073568 kB
Inactive:         477060 kB
Active(anon):    3062128 kB
Inactive(anon):   463276 kB
Active(file):      11440 kB
Inactive(file):    13784 kB
Unevictable:         120 kB
Mlocked:             120 kB
SwapTotal:             0 kB
SwapFree:              0 kB
Dirty:               224 kB
Writeback:             0 kB
AnonPages:       3042672 kB
Mapped:           286372 kB
Shmem:            482852 kB
Slab:              91260 kB
SReclaimable:      39752 kB
SUnreclaim:        51508 kB
KernelStack:       11632 kB
PageTables:        58112 kB
NFS_Unstable:          0 kB
Bounce:                0 kB
WritebackTmp:          0 kB
CommitLimit:     1939828 kB
Committed_AS:    9185920 kB
VmallocTotal:   34359738367 kB
VmallocUsed:           0 kB
VmallocChunk:          0 kB
HardwareCorrupted:     0 kB
AnonHugePages:    466944 kB
ShmemHugePages:        0 kB
ShmemPmdMapped:        0 kB
HugePages_Total:       0
HugePages_Free:        0
HugePages_Rsvd:        0
HugePages_Surp:        0
Hugepagesize:       2048 kB
DirectMap4k:      193276 kB
DirectMap2M:     3835904 kB


CPU:total 2 (initial active 2) (2 cores per cpu, 1 threads per core) family 6 model 58 stepping 9, cmov, cx8, fxsr, mmx, sse, sse2, sse3, ssse3, sse4.1, sse4.2, popcnt, clmul, erms, tsc, tscinvbit, tscinv

/proc/cpuinfo:
processor	: 0
vendor_id	: GenuineIntel
cpu family	: 6
model		: 58
model name	: Intel(R) Celeron(R) CPU 1005M @ 1.90GHz
stepping	: 9
microcode	: 0x1f
cpu MHz		: 1310.888
cache size	: 2048 KB
physical id	: 0
siblings	: 2
core id		: 0
cpu cores	: 2
apicid		: 0
initial apicid	: 0
fpu		: yes
fpu_exception	: yes
cpuid level	: 13
wp		: yes
flags		: fpu vme de pse tsc msr pae mce cx8 apic sep mtrr pge mca cmov pat pse36 clflush dts acpi mmx fxsr sse sse2 ss ht tm pbe syscall nx rdtscp lm constant_tsc arch_perfmon pebs bts rep_good nopl xtopology nonstop_tsc cpuid aperfmperf pni pclmulqdq dtes64 monitor ds_cpl vmx est tm2 ssse3 cx16 xtpr pdcm pcid sse4_1 sse4_2 x2apic popcnt tsc_deadline_timer xsave lahf_lm cpuid_fault epb pti tpr_shadow vnmi flexpriority ept vpid fsgsbase smep erms xsaveopt ibpb ibrs stibp dtherm arat pln pts
bugs		: cpu_meltdown spectre_v1 spectre_v2
bogomips	: 3792.10
clflush size	: 64
cache_alignment	: 64
address sizes	: 36 bits physical, 48 bits virtual
power management:

processor	: 1
vendor_id	: GenuineIntel
cpu family	: 6
model		: 58
model name	: Intel(R) Celeron(R) CPU 1005M @ 1.90GHz
stepping	: 9
microcode	: 0x1f
cpu MHz		: 1388.487
cache size	: 2048 KB
physical id	: 0
siblings	: 2
core id		: 1
cpu cores	: 2
apicid		: 2
initial apicid	: 2
fpu		: yes
fpu_exception	: yes
cpuid level	: 13
wp		: yes
flags		: fpu vme de pse tsc msr pae mce cx8 apic sep mtrr pge mca cmov pat pse36 clflush dts acpi mmx fxsr sse sse2 ss ht tm pbe syscall nx rdtscp lm constant_tsc arch_perfmon pebs bts rep_good nopl xtopology nonstop_tsc cpuid aperfmperf pni pclmulqdq dtes64 monitor ds_cpl vmx est tm2 ssse3 cx16 xtpr pdcm pcid sse4_1 sse4_2 x2apic popcnt tsc_deadline_timer xsave lahf_lm cpuid_fault epb pti tpr_shadow vnmi flexpriority ept vpid fsgsbase smep erms xsaveopt ibpb ibrs stibp dtherm arat pln pts
bugs		: cpu_meltdown spectre_v1 spectre_v2
bogomips	: 3792.10
clflush size	: 64
cache_alignment	: 64
address sizes	: 36 bits physical, 48 bits virtual
power management:



Memory: 4k page, physical 3879660k(105136k free), swap 0k(0k free)

vm_info: OpenJDK 64-Bit Server VM (25.152-b01) for linux-amd64 JRE (1.8.0_152-release-1024-b01), built by "builder" with gcc 4.8.4

time: Tue May 22 10:02:00 2018
elapsed time: 36 seconds (0d 0h 0m 36s)

